{"timestamp": "2025-05-09T15:51:30.674511+05:30", "level": "INFO", "message": "Logging is configured.", "name": "src.core.log.config", "function": "setup_logging", "line": 106, "service": "library", "environment": "development"}
{"timestamp": "2025-05-09T15:51:30.857387+05:30", "level": "INFO", "message": "select pg_catalog.version()", "name": "logging", "function": "callHandlers", "line": 1736, "service": "library", "environment": "development"}
{"timestamp": "2025-05-09T15:51:30.858316+05:30", "level": "INFO", "message": "[raw sql] ()", "name": "logging", "function": "callHandlers", "line": 1736, "service": "library", "environment": "development"}
{"timestamp": "2025-05-09T15:51:30.860875+05:30", "level": "INFO", "message": "select current_schema()", "name": "logging", "function": "callHandlers", "line": 1736, "service": "library", "environment": "development"}
{"timestamp": "2025-05-09T15:51:30.861877+05:30", "level": "INFO", "message": "[raw sql] ()", "name": "logging", "function": "callHandlers", "line": 1736, "service": "library", "environment": "development"}
{"timestamp": "2025-05-09T15:51:30.863509+05:30", "level": "INFO", "message": "show standard_conforming_strings", "name": "logging", "function": "callHandlers", "line": 1736, "service": "library", "environment": "development"}
{"timestamp": "2025-05-09T15:51:30.864048+05:30", "level": "INFO", "message": "[raw sql] ()", "name": "logging", "function": "callHandlers", "line": 1736, "service": "library", "environment": "development"}
{"timestamp": "2025-05-09T15:51:30.865763+05:30", "level": "INFO", "message": "BEGIN (implicit)", "name": "logging", "function": "callHandlers", "line": 1736, "service": "library", "environment": "development"}
{"timestamp": "2025-05-09T15:51:30.866306+05:30", "level": "INFO", "message": "SELECT 1", "name": "logging", "function": "callHandlers", "line": 1736, "service": "library", "environment": "development"}
{"timestamp": "2025-05-09T15:51:30.866841+05:30", "level": "INFO", "message": "[generated in 0.00107s] ()", "name": "logging", "function": "callHandlers", "line": 1736, "service": "library", "environment": "development"}
{"timestamp": "2025-05-09T15:51:30.867951+05:30", "level": "INFO", "message": "Successfully connected to PostgreSQL", "name": "src.app.setup", "function": "lifespan", "line": 29, "service": "library", "environment": "development"}
{"timestamp": "2025-05-09T15:51:30.868574+05:30", "level": "INFO", "message": "ROLLBACK", "name": "logging", "function": "callHandlers", "line": 1736, "service": "library", "environment": "development"}
{"timestamp": "2025-05-09T15:51:32.927809+05:30", "level": "INFO", "message": "Successfully connected to Redis", "name": "src.app.setup", "function": "lifespan", "line": 43, "service": "library", "environment": "development"}
{"timestamp": "2025-05-09T15:51:32.929521+05:30", "level": "INFO", "message": "Redis cache initialized", "name": "src.app.setup", "function": "lifespan", "line": 48, "service": "library", "environment": "development"}
{"timestamp": "2025-05-09T15:51:32.930421+05:30", "level": "INFO", "message": "Application startup complete.", "name": "logging", "function": "callHandlers", "line": 1736, "service": "library", "environment": "development"}
{"timestamp": "2025-05-09T15:51:35.616452+05:30", "level": "INFO", "message": "Shutting down", "name": "logging", "function": "callHandlers", "line": 1736, "service": "library", "environment": "development"}
{"timestamp": "2025-05-09T15:51:35.728424+05:30", "level": "INFO", "message": "Waiting for application shutdown.", "name": "logging", "function": "callHandlers", "line": 1736, "service": "library", "environment": "development"}
{"timestamp": "2025-05-09T15:51:35.729716+05:30", "level": "INFO", "message": "Redis connection closed", "name": "src.app.setup", "function": "lifespan", "line": 60, "service": "library", "environment": "development"}
{"timestamp": "2025-05-09T15:51:35.734074+05:30", "level": "INFO", "message": "PostgreSQL connection pool closed", "name": "src.app.setup", "function": "lifespan", "line": 64, "service": "library", "environment": "development"}
{"timestamp": "2025-05-09T15:51:35.735019+05:30", "level": "INFO", "message": "Application shutdown complete.", "name": "logging", "function": "callHandlers", "line": 1736, "service": "library", "environment": "development"}
{"timestamp": "2025-05-09T15:51:35.735775+05:30", "level": "INFO", "message": "Finished server process [8716]", "name": "logging", "function": "callHandlers", "line": 1736, "service": "library", "environment": "development"}
{"timestamp": "2025-05-09T15:52:48.281540+05:30", "level": "INFO", "message": "Logging is configured.", "name": "src.core.log.config", "function": "setup_logging", "line": 106, "service": "library", "environment": "development"}
{"timestamp": "2025-05-09T15:52:48.385305+05:30", "level": "INFO", "message": "select pg_catalog.version()", "name": "logging", "function": "callHandlers", "line": 1736, "service": "library", "environment": "development"}
{"timestamp": "2025-05-09T15:52:48.386211+05:30", "level": "INFO", "message": "[raw sql] ()", "name": "logging", "function": "callHandlers", "line": 1736, "service": "library", "environment": "development"}
{"timestamp": "2025-05-09T15:52:48.390218+05:30", "level": "INFO", "message": "select current_schema()", "name": "logging", "function": "callHandlers", "line": 1736, "service": "library", "environment": "development"}
{"timestamp": "2025-05-09T15:52:48.391244+05:30", "level": "INFO", "message": "[raw sql] ()", "name": "logging", "function": "callHandlers", "line": 1736, "service": "library", "environment": "development"}
{"timestamp": "2025-05-09T15:52:48.394016+05:30", "level": "INFO", "message": "show standard_conforming_strings", "name": "logging", "function": "callHandlers", "line": 1736, "service": "library", "environment": "development"}
{"timestamp": "2025-05-09T15:52:48.394804+05:30", "level": "INFO", "message": "[raw sql] ()", "name": "logging", "function": "callHandlers", "line": 1736, "service": "library", "environment": "development"}
{"timestamp": "2025-05-09T15:52:48.397165+05:30", "level": "INFO", "message": "BEGIN (implicit)", "name": "logging", "function": "callHandlers", "line": 1736, "service": "library", "environment": "development"}
{"timestamp": "2025-05-09T15:52:48.397821+05:30", "level": "INFO", "message": "SELECT 1", "name": "logging", "function": "callHandlers", "line": 1736, "service": "library", "environment": "development"}
{"timestamp": "2025-05-09T15:52:48.398483+05:30", "level": "INFO", "message": "[generated in 0.00133s] ()", "name": "logging", "function": "callHandlers", "line": 1736, "service": "library", "environment": "development"}
{"timestamp": "2025-05-09T15:52:48.400618+05:30", "level": "INFO", "message": "Successfully connected to PostgreSQL", "name": "src.app.setup", "function": "lifespan", "line": 29, "service": "library", "environment": "development"}
{"timestamp": "2025-05-09T15:52:48.401225+05:30", "level": "INFO", "message": "ROLLBACK", "name": "logging", "function": "callHandlers", "line": 1736, "service": "library", "environment": "development"}
{"timestamp": "2025-05-09T15:52:50.452067+05:30", "level": "INFO", "message": "Successfully connected to Redis", "name": "src.app.setup", "function": "lifespan", "line": 43, "service": "library", "environment": "development"}
{"timestamp": "2025-05-09T15:52:50.453115+05:30", "level": "INFO", "message": "Redis cache initialized", "name": "src.app.setup", "function": "lifespan", "line": 48, "service": "library", "environment": "development"}
{"timestamp": "2025-05-09T15:52:50.454111+05:30", "level": "INFO", "message": "Application startup complete.", "name": "logging", "function": "callHandlers", "line": 1736, "service": "library", "environment": "development"}
{"timestamp": "2025-05-09T16:01:53.758878+05:30", "level": "INFO", "message": "Shutting down", "name": "logging", "function": "callHandlers", "line": 1736, "service": "library", "environment": "development"}
{"timestamp": "2025-05-09T16:01:53.874088+05:30", "level": "INFO", "message": "Waiting for application shutdown.", "name": "logging", "function": "callHandlers", "line": 1736, "service": "library", "environment": "development"}
{"timestamp": "2025-05-09T16:01:53.875767+05:30", "level": "INFO", "message": "Redis connection closed", "name": "src.app.setup", "function": "lifespan", "line": 60, "service": "library", "environment": "development"}
{"timestamp": "2025-05-09T16:01:53.879703+05:30", "level": "INFO", "message": "PostgreSQL connection pool closed", "name": "src.app.setup", "function": "lifespan", "line": 64, "service": "library", "environment": "development"}
{"timestamp": "2025-05-09T16:01:53.880577+05:30", "level": "INFO", "message": "Application shutdown complete.", "name": "logging", "function": "callHandlers", "line": 1736, "service": "library", "environment": "development"}
{"timestamp": "2025-05-09T16:01:53.881142+05:30", "level": "INFO", "message": "Finished server process [31224]", "name": "logging", "function": "callHandlers", "line": 1736, "service": "library", "environment": "development"}
{"timestamp": "2025-05-09T16:10:09.389477+05:30", "level": "INFO", "message": "Logging is configured.", "name": "src.core.log.config", "function": "setup_logging", "line": 106, "service": "library", "environment": "development"}
{"timestamp": "2025-05-09T16:10:09.478769+05:30", "level": "INFO", "message": "select pg_catalog.version()", "name": "logging", "function": "callHandlers", "line": 1736, "service": "library", "environment": "development"}
{"timestamp": "2025-05-09T16:10:09.479635+05:30", "level": "INFO", "message": "[raw sql] ()", "name": "logging", "function": "callHandlers", "line": 1736, "service": "library", "environment": "development"}
{"timestamp": "2025-05-09T16:10:09.481614+05:30", "level": "INFO", "message": "select current_schema()", "name": "logging", "function": "callHandlers", "line": 1736, "service": "library", "environment": "development"}
{"timestamp": "2025-05-09T16:10:09.482207+05:30", "level": "INFO", "message": "[raw sql] ()", "name": "logging", "function": "callHandlers", "line": 1736, "service": "library", "environment": "development"}
{"timestamp": "2025-05-09T16:10:09.483667+05:30", "level": "INFO", "message": "show standard_conforming_strings", "name": "logging", "function": "callHandlers", "line": 1736, "service": "library", "environment": "development"}
{"timestamp": "2025-05-09T16:10:09.484165+05:30", "level": "INFO", "message": "[raw sql] ()", "name": "logging", "function": "callHandlers", "line": 1736, "service": "library", "environment": "development"}
{"timestamp": "2025-05-09T16:10:09.485421+05:30", "level": "INFO", "message": "BEGIN (implicit)", "name": "logging", "function": "callHandlers", "line": 1736, "service": "library", "environment": "development"}
{"timestamp": "2025-05-09T16:10:09.485878+05:30", "level": "INFO", "message": "SELECT 1", "name": "logging", "function": "callHandlers", "line": 1736, "service": "library", "environment": "development"}
{"timestamp": "2025-05-09T16:10:09.486262+05:30", "level": "INFO", "message": "[generated in 0.00087s] ()", "name": "logging", "function": "callHandlers", "line": 1736, "service": "library", "environment": "development"}
{"timestamp": "2025-05-09T16:10:09.486948+05:30", "level": "INFO", "message": "Successfully connected to PostgreSQL", "name": "src.app.setup", "function": "lifespan", "line": 29, "service": "library", "environment": "development"}
{"timestamp": "2025-05-09T16:10:09.487377+05:30", "level": "INFO", "message": "ROLLBACK", "name": "logging", "function": "callHandlers", "line": 1736, "service": "library", "environment": "development"}
{"timestamp": "2025-05-09T16:10:13.561571+05:30", "level": "ERROR", "message": "Failed to connect to Redis: Error Multiple exceptions: [Errno 10061] Connect call failed ('::1', 6379, 0, 0), [Errno 10061] Connect call failed ('127.0.0.1', 6379) connecting to localhost:6379.", "name": "src.app.setup", "function": "lifespan", "line": 50, "service": "library", "environment": "development"}
{"timestamp": "2025-05-09T16:10:13.567852+05:30", "level": "ERROR", "message": "Traceback (most recent call last):\n  File \"C:\\Users\\sudee\\OneDrive\\Desktop\\Dev\\HorizonXFastAPI\\.venv\\Lib\\site-packages\\redis\\asyncio\\connection.py\", line 281, in connect\n    await self.retry.call_with_retry(\n        lambda: self._connect(), lambda error: self.disconnect()\n    )\n  File \"C:\\Users\\sudee\\OneDrive\\Desktop\\Dev\\HorizonXFastAPI\\.venv\\Lib\\site-packages\\redis\\asyncio\\retry.py\", line 59, in call_with_retry\n    return await do()\n           ^^^^^^^^^^\n  File \"C:\\Users\\sudee\\OneDrive\\Desktop\\Dev\\HorizonXFastAPI\\.venv\\Lib\\site-packages\\redis\\asyncio\\connection.py\", line 697, in _connect\n    reader, writer = await asyncio.open_connection(\n                     ^^^^^^^^^^^^^^^^^^^^^^^^^^^^^^\n        **self._connection_arguments()\n        ^^^^^^^^^^^^^^^^^^^^^^^^^^^^^^\n    )\n    ^\n  File \"C:\\Python313\\Lib\\asyncio\\streams.py\", line 48, in open_connection\n    transport, _ = await loop.create_connection(\n                   ^^^^^^^^^^^^^^^^^^^^^^^^^^^^^\n        lambda: protocol, host, port, **kwds)\n        ^^^^^^^^^^^^^^^^^^^^^^^^^^^^^^^^^^^^^\n  File \"C:\\Python313\\Lib\\asyncio\\base_events.py\", line 1169, in create_connection\n    raise OSError('Multiple exceptions: {}'.format(\n        ', '.join(str(exc) for exc in exceptions)))\nOSError: Multiple exceptions: [Errno 10061] Connect call failed ('::1', 6379, 0, 0), [Errno 10061] Connect call failed ('127.0.0.1', 6379)\n\nDuring handling of the above exception, another exception occurred:\n\nTraceback (most recent call last):\n  File \"C:\\Users\\sudee\\OneDrive\\Desktop\\Dev\\HorizonXFastAPI\\.venv\\Lib\\site-packages\\starlette\\routing.py\", line 692, in lifespan\n    async with self.lifespan_context(app) as maybe_state:\n               ~~~~~~~~~~~~~~~~~~~~~^^^^^\n  File \"C:\\Python313\\Lib\\contextlib.py\", line 214, in __aenter__\n    return await anext(self.gen)\n           ^^^^^^^^^^^^^^^^^^^^^\n  File \"C:\\Users\\sudee\\OneDrive\\Desktop\\Dev\\HorizonXFastAPI\\.venv\\Lib\\site-packages\\fastapi\\routing.py\", line 133, in merged_lifespan\n    async with original_context(app) as maybe_original_state:\n               ~~~~~~~~~~~~~~~~^^^^^\n  File \"C:\\Python313\\Lib\\contextlib.py\", line 214, in __aenter__\n    return await anext(self.gen)\n           ^^^^^^^^^^^^^^^^^^^^^\n  File \"C:\\Users\\sudee\\OneDrive\\Desktop\\Dev\\HorizonXMicroservice\\src\\Library\\src\\app\\setup.py\", line 42, in lifespan\n    await redis.ping()\n  File \"C:\\Users\\sudee\\OneDrive\\Desktop\\Dev\\HorizonXFastAPI\\.venv\\Lib\\site-packages\\redis\\asyncio\\client.py\", line 611, in execute_command\n    conn = self.connection or await pool.get_connection(command_name, **options)\n                              ^^^^^^^^^^^^^^^^^^^^^^^^^^^^^^^^^^^^^^^^^^^^^^^^^^\n  File \"C:\\Users\\sudee\\OneDrive\\Desktop\\Dev\\HorizonXFastAPI\\.venv\\Lib\\site-packages\\redis\\asyncio\\connection.py\", line 1064, in get_connection\n    await self.ensure_connection(connection)\n  File \"C:\\Users\\sudee\\OneDrive\\Desktop\\Dev\\HorizonXFastAPI\\.venv\\Lib\\site-packages\\redis\\asyncio\\connection.py\", line 1097, in ensure_connection\n    await connection.connect()\n  File \"C:\\Users\\sudee\\OneDrive\\Desktop\\Dev\\HorizonXFastAPI\\.venv\\Lib\\site-packages\\redis\\asyncio\\connection.py\", line 289, in connect\n    raise ConnectionError(self._error_message(e))\nredis.exceptions.ConnectionError: Error Multiple exceptions: [Errno 10061] Connect call failed ('::1', 6379, 0, 0), [Errno 10061] Connect call failed ('127.0.0.1', 6379) connecting to localhost:6379.\n", "name": "logging", "function": "callHandlers", "line": 1736, "service": "library", "environment": "development"}
{"timestamp": "2025-05-09T16:10:13.568890+05:30", "level": "ERROR", "message": "Application startup failed. Exiting.", "name": "logging", "function": "callHandlers", "line": 1736, "service": "library", "environment": "development"}
{"timestamp": "2025-05-09T16:15:36.760267+05:30", "level": "INFO", "message": "Logging is configured.", "name": "src.core.log.config", "function": "setup_logging", "line": 106, "service": "library", "environment": "development"}
{"timestamp": "2025-05-09T16:15:36.957104+05:30", "level": "INFO", "message": "select pg_catalog.version()", "name": "logging", "function": "callHandlers", "line": 1736, "service": "library", "environment": "development"}
{"timestamp": "2025-05-09T16:15:36.960188+05:30", "level": "INFO", "message": "[raw sql] ()", "name": "logging", "function": "callHandlers", "line": 1736, "service": "library", "environment": "development"}
{"timestamp": "2025-05-09T16:15:36.965060+05:30", "level": "INFO", "message": "select current_schema()", "name": "logging", "function": "callHandlers", "line": 1736, "service": "library", "environment": "development"}
{"timestamp": "2025-05-09T16:15:36.966380+05:30", "level": "INFO", "message": "[raw sql] ()", "name": "logging", "function": "callHandlers", "line": 1736, "service": "library", "environment": "development"}
{"timestamp": "2025-05-09T16:15:36.969496+05:30", "level": "INFO", "message": "show standard_conforming_strings", "name": "logging", "function": "callHandlers", "line": 1736, "service": "library", "environment": "development"}
{"timestamp": "2025-05-09T16:15:36.970757+05:30", "level": "INFO", "message": "[raw sql] ()", "name": "logging", "function": "callHandlers", "line": 1736, "service": "library", "environment": "development"}
{"timestamp": "2025-05-09T16:15:36.974284+05:30", "level": "INFO", "message": "BEGIN (implicit)", "name": "logging", "function": "callHandlers", "line": 1736, "service": "library", "environment": "development"}
{"timestamp": "2025-05-09T16:15:36.975664+05:30", "level": "INFO", "message": "SELECT 1", "name": "logging", "function": "callHandlers", "line": 1736, "service": "library", "environment": "development"}
{"timestamp": "2025-05-09T16:15:36.976720+05:30", "level": "INFO", "message": "[generated in 0.00252s] ()", "name": "logging", "function": "callHandlers", "line": 1736, "service": "library", "environment": "development"}
{"timestamp": "2025-05-09T16:15:36.983495+05:30", "level": "INFO", "message": "Successfully connected to PostgreSQL", "name": "src.app.setup", "function": "lifespan", "line": 29, "service": "library", "environment": "development"}
{"timestamp": "2025-05-09T16:15:36.985195+05:30", "level": "INFO", "message": "ROLLBACK", "name": "logging", "function": "callHandlers", "line": 1736, "service": "library", "environment": "development"}
{"timestamp": "2025-05-09T16:15:39.042431+05:30", "level": "INFO", "message": "Successfully connected to Redis", "name": "src.app.setup", "function": "lifespan", "line": 43, "service": "library", "environment": "development"}
{"timestamp": "2025-05-09T16:15:39.044440+05:30", "level": "INFO", "message": "Redis cache initialized", "name": "src.app.setup", "function": "lifespan", "line": 48, "service": "library", "environment": "development"}
{"timestamp": "2025-05-09T16:15:39.045759+05:30", "level": "INFO", "message": "Application startup complete.", "name": "logging", "function": "callHandlers", "line": 1736, "service": "library", "environment": "development"}
{"timestamp": "2025-05-09T16:16:41.943909+05:30", "level": "INFO", "message": "Shutting down", "name": "logging", "function": "callHandlers", "line": 1736, "service": "library", "environment": "development"}
{"timestamp": "2025-05-09T16:16:42.054496+05:30", "level": "INFO", "message": "Waiting for application shutdown.", "name": "logging", "function": "callHandlers", "line": 1736, "service": "library", "environment": "development"}
{"timestamp": "2025-05-09T16:16:42.056088+05:30", "level": "INFO", "message": "Redis connection closed", "name": "src.app.setup", "function": "lifespan", "line": 60, "service": "library", "environment": "development"}
{"timestamp": "2025-05-09T16:16:42.061392+05:30", "level": "INFO", "message": "PostgreSQL connection pool closed", "name": "src.app.setup", "function": "lifespan", "line": 64, "service": "library", "environment": "development"}
{"timestamp": "2025-05-09T16:16:42.062159+05:30", "level": "INFO", "message": "Application shutdown complete.", "name": "logging", "function": "callHandlers", "line": 1736, "service": "library", "environment": "development"}
{"timestamp": "2025-05-09T16:16:42.062744+05:30", "level": "INFO", "message": "Finished server process [7576]", "name": "logging", "function": "callHandlers", "line": 1736, "service": "library", "environment": "development"}
{"timestamp": "2025-05-09T16:18:09.288069+05:30", "level": "INFO", "message": "Logging is configured.", "name": "src.core.log.config", "function": "setup_logging", "line": 106, "service": "library", "environment": "development"}
{"timestamp": "2025-05-09T16:18:09.510700+05:30", "level": "INFO", "message": "select pg_catalog.version()", "name": "logging", "function": "callHandlers", "line": 1736, "service": "library", "environment": "development"}
{"timestamp": "2025-05-09T16:18:09.512220+05:30", "level": "INFO", "message": "[raw sql] ()", "name": "logging", "function": "callHandlers", "line": 1736, "service": "library", "environment": "development"}
{"timestamp": "2025-05-09T16:18:09.516899+05:30", "level": "INFO", "message": "select current_schema()", "name": "logging", "function": "callHandlers", "line": 1736, "service": "library", "environment": "development"}
{"timestamp": "2025-05-09T16:18:09.518116+05:30", "level": "INFO", "message": "[raw sql] ()", "name": "logging", "function": "callHandlers", "line": 1736, "service": "library", "environment": "development"}
{"timestamp": "2025-05-09T16:18:09.521150+05:30", "level": "INFO", "message": "show standard_conforming_strings", "name": "logging", "function": "callHandlers", "line": 1736, "service": "library", "environment": "development"}
{"timestamp": "2025-05-09T16:18:09.522510+05:30", "level": "INFO", "message": "[raw sql] ()", "name": "logging", "function": "callHandlers", "line": 1736, "service": "library", "environment": "development"}
{"timestamp": "2025-05-09T16:18:09.525960+05:30", "level": "INFO", "message": "BEGIN (implicit)", "name": "logging", "function": "callHandlers", "line": 1736, "service": "library", "environment": "development"}
{"timestamp": "2025-05-09T16:18:09.527003+05:30", "level": "INFO", "message": "SELECT 1", "name": "logging", "function": "callHandlers", "line": 1736, "service": "library", "environment": "development"}
{"timestamp": "2025-05-09T16:18:09.527968+05:30", "level": "INFO", "message": "[generated in 0.00206s] ()", "name": "logging", "function": "callHandlers", "line": 1736, "service": "library", "environment": "development"}
{"timestamp": "2025-05-09T16:18:09.531251+05:30", "level": "INFO", "message": "Successfully connected to PostgreSQL", "name": "src.app.setup", "function": "lifespan", "line": 29, "service": "library", "environment": "development"}
{"timestamp": "2025-05-09T16:18:09.532654+05:30", "level": "INFO", "message": "ROLLBACK", "name": "logging", "function": "callHandlers", "line": 1736, "service": "library", "environment": "development"}
{"timestamp": "2025-05-09T16:18:11.555794+05:30", "level": "INFO", "message": "Successfully connected to Redis", "name": "src.app.setup", "function": "lifespan", "line": 43, "service": "library", "environment": "development"}
{"timestamp": "2025-05-09T16:18:11.557441+05:30", "level": "INFO", "message": "Redis cache initialized", "name": "src.app.setup", "function": "lifespan", "line": 48, "service": "library", "environment": "development"}
{"timestamp": "2025-05-09T16:18:11.558938+05:30", "level": "INFO", "message": "Application startup complete.", "name": "logging", "function": "callHandlers", "line": 1736, "service": "library", "environment": "development"}
{"timestamp": "2025-05-09T16:35:25.989012+05:30", "level": "INFO", "message": "Logging is configured.", "name": "src.core.log.config", "function": "setup_logging", "line": 106, "service": "library", "environment": "development"}
{"timestamp": "2025-05-09T16:35:26.346019+05:30", "level": "INFO", "message": "select pg_catalog.version()", "name": "logging", "function": "callHandlers", "line": 1736, "service": "library", "environment": "development"}
{"timestamp": "2025-05-09T16:35:26.348685+05:30", "level": "INFO", "message": "[raw sql] ()", "name": "logging", "function": "callHandlers", "line": 1736, "service": "library", "environment": "development"}
{"timestamp": "2025-05-09T16:35:26.354705+05:30", "level": "INFO", "message": "select current_schema()", "name": "logging", "function": "callHandlers", "line": 1736, "service": "library", "environment": "development"}
{"timestamp": "2025-05-09T16:35:26.356239+05:30", "level": "INFO", "message": "[raw sql] ()", "name": "logging", "function": "callHandlers", "line": 1736, "service": "library", "environment": "development"}
{"timestamp": "2025-05-09T16:35:26.359359+05:30", "level": "INFO", "message": "show standard_conforming_strings", "name": "logging", "function": "callHandlers", "line": 1736, "service": "library", "environment": "development"}
{"timestamp": "2025-05-09T16:35:26.360469+05:30", "level": "INFO", "message": "[raw sql] ()", "name": "logging", "function": "callHandlers", "line": 1736, "service": "library", "environment": "development"}
{"timestamp": "2025-05-09T16:35:26.364533+05:30", "level": "INFO", "message": "BEGIN (implicit)", "name": "logging", "function": "callHandlers", "line": 1736, "service": "library", "environment": "development"}
{"timestamp": "2025-05-09T16:35:26.369480+05:30", "level": "INFO", "message": "SELECT 1", "name": "logging", "function": "callHandlers", "line": 1736, "service": "library", "environment": "development"}
{"timestamp": "2025-05-09T16:35:26.372581+05:30", "level": "INFO", "message": "[generated in 0.00893s] ()", "name": "logging", "function": "callHandlers", "line": 1736, "service": "library", "environment": "development"}
{"timestamp": "2025-05-09T16:35:26.374800+05:30", "level": "INFO", "message": "Successfully connected to PostgreSQL", "name": "src.app.setup", "function": "lifespan", "line": 29, "service": "library", "environment": "development"}
{"timestamp": "2025-05-09T16:35:26.376015+05:30", "level": "INFO", "message": "ROLLBACK", "name": "logging", "function": "callHandlers", "line": 1736, "service": "library", "environment": "development"}
{"timestamp": "2025-05-09T16:35:30.451339+05:30", "level": "ERROR", "message": "Failed to connect to Redis: Error Multiple exceptions: [Errno 10061] Connect call failed ('::1', 6379, 0, 0), [Errno 10061] Connect call failed ('127.0.0.1', 6379) connecting to localhost:6379.", "name": "src.app.setup", "function": "lifespan", "line": 50, "service": "library", "environment": "development"}
{"timestamp": "2025-05-09T16:35:30.471888+05:30", "level": "ERROR", "message": "Traceback (most recent call last):\n  File \"C:\\Users\\sudee\\OneDrive\\Desktop\\Dev\\HorizonXFastAPI\\.venv\\Lib\\site-packages\\redis\\asyncio\\connection.py\", line 281, in connect\n    await self.retry.call_with_retry(\n        lambda: self._connect(), lambda error: self.disconnect()\n    )\n  File \"C:\\Users\\sudee\\OneDrive\\Desktop\\Dev\\HorizonXFastAPI\\.venv\\Lib\\site-packages\\redis\\asyncio\\retry.py\", line 59, in call_with_retry\n    return await do()\n           ^^^^^^^^^^\n  File \"C:\\Users\\sudee\\OneDrive\\Desktop\\Dev\\HorizonXFastAPI\\.venv\\Lib\\site-packages\\redis\\asyncio\\connection.py\", line 697, in _connect\n    reader, writer = await asyncio.open_connection(\n                     ^^^^^^^^^^^^^^^^^^^^^^^^^^^^^^\n        **self._connection_arguments()\n        ^^^^^^^^^^^^^^^^^^^^^^^^^^^^^^\n    )\n    ^\n  File \"C:\\Python313\\Lib\\asyncio\\streams.py\", line 48, in open_connection\n    transport, _ = await loop.create_connection(\n                   ^^^^^^^^^^^^^^^^^^^^^^^^^^^^^\n        lambda: protocol, host, port, **kwds)\n        ^^^^^^^^^^^^^^^^^^^^^^^^^^^^^^^^^^^^^\n  File \"C:\\Python313\\Lib\\asyncio\\base_events.py\", line 1169, in create_connection\n    raise OSError('Multiple exceptions: {}'.format(\n        ', '.join(str(exc) for exc in exceptions)))\nOSError: Multiple exceptions: [Errno 10061] Connect call failed ('::1', 6379, 0, 0), [Errno 10061] Connect call failed ('127.0.0.1', 6379)\n\nDuring handling of the above exception, another exception occurred:\n\nTraceback (most recent call last):\n  File \"C:\\Users\\sudee\\OneDrive\\Desktop\\Dev\\HorizonXFastAPI\\.venv\\Lib\\site-packages\\starlette\\routing.py\", line 692, in lifespan\n    async with self.lifespan_context(app) as maybe_state:\n               ~~~~~~~~~~~~~~~~~~~~~^^^^^\n  File \"C:\\Python313\\Lib\\contextlib.py\", line 214, in __aenter__\n    return await anext(self.gen)\n           ^^^^^^^^^^^^^^^^^^^^^\n  File \"C:\\Users\\sudee\\OneDrive\\Desktop\\Dev\\HorizonXFastAPI\\.venv\\Lib\\site-packages\\fastapi\\routing.py\", line 133, in merged_lifespan\n    async with original_context(app) as maybe_original_state:\n               ~~~~~~~~~~~~~~~~^^^^^\n  File \"C:\\Python313\\Lib\\contextlib.py\", line 214, in __aenter__\n    return await anext(self.gen)\n           ^^^^^^^^^^^^^^^^^^^^^\n  File \"C:\\Users\\sudee\\OneDrive\\Desktop\\Dev\\HorizonXMicroservice\\src\\Library\\src\\app\\setup.py\", line 42, in lifespan\n    await redis.ping()\n  File \"C:\\Users\\sudee\\OneDrive\\Desktop\\Dev\\HorizonXFastAPI\\.venv\\Lib\\site-packages\\redis\\asyncio\\client.py\", line 611, in execute_command\n    conn = self.connection or await pool.get_connection(command_name, **options)\n                              ^^^^^^^^^^^^^^^^^^^^^^^^^^^^^^^^^^^^^^^^^^^^^^^^^^\n  File \"C:\\Users\\sudee\\OneDrive\\Desktop\\Dev\\HorizonXFastAPI\\.venv\\Lib\\site-packages\\redis\\asyncio\\connection.py\", line 1064, in get_connection\n    await self.ensure_connection(connection)\n  File \"C:\\Users\\sudee\\OneDrive\\Desktop\\Dev\\HorizonXFastAPI\\.venv\\Lib\\site-packages\\redis\\asyncio\\connection.py\", line 1097, in ensure_connection\n    await connection.connect()\n  File \"C:\\Users\\sudee\\OneDrive\\Desktop\\Dev\\HorizonXFastAPI\\.venv\\Lib\\site-packages\\redis\\asyncio\\connection.py\", line 289, in connect\n    raise ConnectionError(self._error_message(e))\nredis.exceptions.ConnectionError: Error Multiple exceptions: [Errno 10061] Connect call failed ('::1', 6379, 0, 0), [Errno 10061] Connect call failed ('127.0.0.1', 6379) connecting to localhost:6379.\n", "name": "logging", "function": "callHandlers", "line": 1736, "service": "library", "environment": "development"}
{"timestamp": "2025-05-09T16:35:30.474275+05:30", "level": "ERROR", "message": "Application startup failed. Exiting.", "name": "logging", "function": "callHandlers", "line": 1736, "service": "library", "environment": "development"}
{"timestamp": "2025-05-09T17:15:01.496912+05:30", "level": "INFO", "message": "Logging is configured.", "name": "src.core.log.config", "function": "setup_logging", "line": 106, "service": "library", "environment": "development"}
{"timestamp": "2025-05-09T17:15:01.694612+05:30", "level": "INFO", "message": "select pg_catalog.version()", "name": "logging", "function": "callHandlers", "line": 1736, "service": "library", "environment": "development"}
{"timestamp": "2025-05-09T17:15:01.695544+05:30", "level": "INFO", "message": "[raw sql] ()", "name": "logging", "function": "callHandlers", "line": 1736, "service": "library", "environment": "development"}
{"timestamp": "2025-05-09T17:15:01.697865+05:30", "level": "INFO", "message": "select current_schema()", "name": "logging", "function": "callHandlers", "line": 1736, "service": "library", "environment": "development"}
{"timestamp": "2025-05-09T17:15:01.698637+05:30", "level": "INFO", "message": "[raw sql] ()", "name": "logging", "function": "callHandlers", "line": 1736, "service": "library", "environment": "development"}
{"timestamp": "2025-05-09T17:15:01.700273+05:30", "level": "INFO", "message": "show standard_conforming_strings", "name": "logging", "function": "callHandlers", "line": 1736, "service": "library", "environment": "development"}
{"timestamp": "2025-05-09T17:15:01.700894+05:30", "level": "INFO", "message": "[raw sql] ()", "name": "logging", "function": "callHandlers", "line": 1736, "service": "library", "environment": "development"}
{"timestamp": "2025-05-09T17:15:01.703172+05:30", "level": "INFO", "message": "BEGIN (implicit)", "name": "logging", "function": "callHandlers", "line": 1736, "service": "library", "environment": "development"}
{"timestamp": "2025-05-09T17:15:01.704105+05:30", "level": "INFO", "message": "SELECT 1", "name": "logging", "function": "callHandlers", "line": 1736, "service": "library", "environment": "development"}
{"timestamp": "2025-05-09T17:15:01.704738+05:30", "level": "INFO", "message": "[generated in 0.00163s] ()", "name": "logging", "function": "callHandlers", "line": 1736, "service": "library", "environment": "development"}
{"timestamp": "2025-05-09T17:15:01.706178+05:30", "level": "INFO", "message": "Successfully connected to PostgreSQL", "name": "src.app.setup", "function": "lifespan", "line": 29, "service": "library", "environment": "development"}
{"timestamp": "2025-05-09T17:15:01.707043+05:30", "level": "INFO", "message": "ROLLBACK", "name": "logging", "function": "callHandlers", "line": 1736, "service": "library", "environment": "development"}
{"timestamp": "2025-05-09T17:15:03.757247+05:30", "level": "INFO", "message": "Successfully connected to Redis", "name": "src.app.setup", "function": "lifespan", "line": 43, "service": "library", "environment": "development"}
{"timestamp": "2025-05-09T17:15:03.758886+05:30", "level": "INFO", "message": "Redis cache initialized", "name": "src.app.setup", "function": "lifespan", "line": 48, "service": "library", "environment": "development"}
{"timestamp": "2025-05-09T17:15:03.760019+05:30", "level": "INFO", "message": "Application startup complete.", "name": "logging", "function": "callHandlers", "line": 1736, "service": "library", "environment": "development"}
{"timestamp": "2025-05-09T17:15:36.101619+05:30", "level": "INFO", "message": "Request: GET / from 127.0.0.1", "name": "src.core.middleware.logging", "function": "dispatch", "line": 25, "service": "library", "environment": "development"}
{"timestamp": "2025-05-09T17:15:36.103123+05:30", "level": "INFO", "message": "Response: 200 for GET /", "name": "src.core.middleware.logging", "function": "dispatch", "line": 41, "service": "library", "environment": "development"}
{"timestamp": "2025-05-09T17:15:36.103849+05:30", "level": "INFO", "message": "127.0.0.1:61409 - \"GET / HTTP/1.1\" 200", "name": "logging", "function": "callHandlers", "line": 1736, "service": "library", "environment": "development"}
{"timestamp": "2025-05-09T17:15:36.247063+05:30", "level": "INFO", "message": "Request: GET /favicon.ico from 127.0.0.1", "name": "src.core.middleware.logging", "function": "dispatch", "line": 25, "service": "library", "environment": "development"}
{"timestamp": "2025-05-09T17:15:36.248087+05:30", "level": "ERROR", "message": "HTTP 404 Error: Not Found - URL: /favicon.ico", "name": "src.core.err.handlers", "function": "http_exception_handler", "line": 26, "service": "library", "environment": "development"}
{"timestamp": "2025-05-09T17:15:36.249088+05:30", "level": "ERROR", "message": "Error 404: GET /favicon.ico", "name": "src.core.middleware.logging", "function": "dispatch", "line": 36, "service": "library", "environment": "development"}
{"timestamp": "2025-05-09T17:15:36.250055+05:30", "level": "INFO", "message": "127.0.0.1:61409 - \"GET /favicon.ico HTTP/1.1\" 404", "name": "logging", "function": "callHandlers", "line": 1736, "service": "library", "environment": "development"}
{"timestamp": "2025-05-09T17:15:38.862978+05:30", "level": "INFO", "message": "Request: GET /docs from 127.0.0.1", "name": "src.core.middleware.logging", "function": "dispatch", "line": 25, "service": "library", "environment": "development"}
{"timestamp": "2025-05-09T17:15:38.864209+05:30", "level": "INFO", "message": "Response: 200 for GET /docs", "name": "src.core.middleware.logging", "function": "dispatch", "line": 41, "service": "library", "environment": "development"}
{"timestamp": "2025-05-09T17:15:38.865107+05:30", "level": "INFO", "message": "127.0.0.1:61409 - \"GET /docs HTTP/1.1\" 200", "name": "logging", "function": "callHandlers", "line": 1736, "service": "library", "environment": "development"}
{"timestamp": "2025-05-09T17:15:39.008431+05:30", "level": "INFO", "message": "Request: GET /openapi.json from 127.0.0.1", "name": "src.core.middleware.logging", "function": "dispatch", "line": 25, "service": "library", "environment": "development"}
{"timestamp": "2025-05-09T17:15:39.036991+05:30", "level": "INFO", "message": "Response: 200 for GET /openapi.json", "name": "src.core.middleware.logging", "function": "dispatch", "line": 41, "service": "library", "environment": "development"}
{"timestamp": "2025-05-09T17:15:39.037923+05:30", "level": "INFO", "message": "127.0.0.1:61409 - \"GET /openapi.json HTTP/1.1\" 200", "name": "logging", "function": "callHandlers", "line": 1736, "service": "library", "environment": "development"}
{"timestamp": "2025-05-10T10:47:46.581773+05:30", "level": "INFO", "message": "Shutting down", "name": "logging", "function": "callHandlers", "line": 1736, "service": "library", "environment": "development"}
{"timestamp": "2025-05-10T10:47:48.079198+05:30", "level": "INFO", "message": "Waiting for application shutdown.", "name": "logging", "function": "callHandlers", "line": 1736, "service": "library", "environment": "development"}
{"timestamp": "2025-05-10T10:47:48.117091+05:30", "level": "INFO", "message": "Redis connection closed", "name": "src.app.setup", "function": "lifespan", "line": 60, "service": "library", "environment": "development"}
{"timestamp": "2025-05-10T10:47:48.882401+05:30", "level": "INFO", "message": "PostgreSQL connection pool closed", "name": "src.app.setup", "function": "lifespan", "line": 64, "service": "library", "environment": "development"}
{"timestamp": "2025-05-10T10:47:48.897041+05:30", "level": "INFO", "message": "Application shutdown complete.", "name": "logging", "function": "callHandlers", "line": 1736, "service": "library", "environment": "development"}
{"timestamp": "2025-05-10T10:47:49.053272+05:30", "level": "INFO", "message": "Finished server process [10908]", "name": "logging", "function": "callHandlers", "line": 1736, "service": "library", "environment": "development"}
{"timestamp": "2025-05-10T14:18:35.234208+05:30", "level": "INFO", "message": "Logging is configured.", "name": "src.core.log.config", "function": "setup_logging", "line": 106, "service": "library", "environment": "development"}
{"timestamp": "2025-05-10T14:18:35.364630+05:30", "level": "INFO", "message": "select pg_catalog.version()", "name": "logging", "function": "callHandlers", "line": 1736, "service": "library", "environment": "development"}
{"timestamp": "2025-05-10T14:18:35.365645+05:30", "level": "INFO", "message": "[raw sql] ()", "name": "logging", "function": "callHandlers", "line": 1736, "service": "library", "environment": "development"}
{"timestamp": "2025-05-10T14:18:35.367930+05:30", "level": "INFO", "message": "select current_schema()", "name": "logging", "function": "callHandlers", "line": 1736, "service": "library", "environment": "development"}
{"timestamp": "2025-05-10T14:18:35.368687+05:30", "level": "INFO", "message": "[raw sql] ()", "name": "logging", "function": "callHandlers", "line": 1736, "service": "library", "environment": "development"}
{"timestamp": "2025-05-10T14:18:35.370037+05:30", "level": "INFO", "message": "show standard_conforming_strings", "name": "logging", "function": "callHandlers", "line": 1736, "service": "library", "environment": "development"}
{"timestamp": "2025-05-10T14:18:35.370573+05:30", "level": "INFO", "message": "[raw sql] ()", "name": "logging", "function": "callHandlers", "line": 1736, "service": "library", "environment": "development"}
{"timestamp": "2025-05-10T14:18:35.372331+05:30", "level": "INFO", "message": "BEGIN (implicit)", "name": "logging", "function": "callHandlers", "line": 1736, "service": "library", "environment": "development"}
{"timestamp": "2025-05-10T14:18:35.372897+05:30", "level": "INFO", "message": "SELECT 1", "name": "logging", "function": "callHandlers", "line": 1736, "service": "library", "environment": "development"}
{"timestamp": "2025-05-10T14:18:35.373432+05:30", "level": "INFO", "message": "[generated in 0.00112s] ()", "name": "logging", "function": "callHandlers", "line": 1736, "service": "library", "environment": "development"}
{"timestamp": "2025-05-10T14:18:35.375088+05:30", "level": "INFO", "message": "Successfully connected to PostgreSQL", "name": "src.app.setup", "function": "lifespan", "line": 29, "service": "library", "environment": "development"}
{"timestamp": "2025-05-10T14:18:35.375960+05:30", "level": "INFO", "message": "ROLLBACK", "name": "logging", "function": "callHandlers", "line": 1736, "service": "library", "environment": "development"}
{"timestamp": "2025-05-10T14:18:37.434524+05:30", "level": "INFO", "message": "Successfully connected to Redis", "name": "src.app.setup", "function": "lifespan", "line": 43, "service": "library", "environment": "development"}
{"timestamp": "2025-05-10T14:18:37.436948+05:30", "level": "INFO", "message": "Redis cache initialized", "name": "src.app.setup", "function": "lifespan", "line": 48, "service": "library", "environment": "development"}
{"timestamp": "2025-05-10T14:18:37.438876+05:30", "level": "INFO", "message": "Application startup complete.", "name": "logging", "function": "callHandlers", "line": 1736, "service": "library", "environment": "development"}
{"timestamp": "2025-05-10T15:09:09.563200+05:30", "level": "INFO", "message": "Shutting down", "name": "logging", "function": "callHandlers", "line": 1736, "service": "library", "environment": "development"}
{"timestamp": "2025-05-10T15:09:09.756285+05:30", "level": "INFO", "message": "Waiting for application shutdown.", "name": "logging", "function": "callHandlers", "line": 1736, "service": "library", "environment": "development"}
{"timestamp": "2025-05-10T15:09:09.782048+05:30", "level": "INFO", "message": "Redis connection closed", "name": "src.app.setup", "function": "lifespan", "line": 60, "service": "library", "environment": "development"}
{"timestamp": "2025-05-10T15:09:09.812648+05:30", "level": "INFO", "message": "PostgreSQL connection pool closed", "name": "src.app.setup", "function": "lifespan", "line": 64, "service": "library", "environment": "development"}
{"timestamp": "2025-05-10T15:09:09.815158+05:30", "level": "INFO", "message": "Application shutdown complete.", "name": "logging", "function": "callHandlers", "line": 1736, "service": "library", "environment": "development"}
{"timestamp": "2025-05-10T15:09:09.818973+05:30", "level": "INFO", "message": "Finished server process [3784]", "name": "logging", "function": "callHandlers", "line": 1736, "service": "library", "environment": "development"}
{"timestamp": "2025-05-10T15:09:28.835355+05:30", "level": "INFO", "message": "Logging is configured.", "name": "src.core.log.config", "function": "setup_logging", "line": 106, "service": "library", "environment": "development"}
{"timestamp": "2025-05-10T15:09:28.950587+05:30", "level": "INFO", "message": "select pg_catalog.version()", "name": "logging", "function": "callHandlers", "line": 1736, "service": "library", "environment": "development"}
{"timestamp": "2025-05-10T15:09:28.951430+05:30", "level": "INFO", "message": "[raw sql] ()", "name": "logging", "function": "callHandlers", "line": 1736, "service": "library", "environment": "development"}
{"timestamp": "2025-05-10T15:09:28.955598+05:30", "level": "INFO", "message": "select current_schema()", "name": "logging", "function": "callHandlers", "line": 1736, "service": "library", "environment": "development"}
{"timestamp": "2025-05-10T15:09:28.956624+05:30", "level": "INFO", "message": "[raw sql] ()", "name": "logging", "function": "callHandlers", "line": 1736, "service": "library", "environment": "development"}
{"timestamp": "2025-05-10T15:09:28.960273+05:30", "level": "INFO", "message": "show standard_conforming_strings", "name": "logging", "function": "callHandlers", "line": 1736, "service": "library", "environment": "development"}
{"timestamp": "2025-05-10T15:09:28.961298+05:30", "level": "INFO", "message": "[raw sql] ()", "name": "logging", "function": "callHandlers", "line": 1736, "service": "library", "environment": "development"}
{"timestamp": "2025-05-10T15:09:28.964866+05:30", "level": "INFO", "message": "BEGIN (implicit)", "name": "logging", "function": "callHandlers", "line": 1736, "service": "library", "environment": "development"}
{"timestamp": "2025-05-10T15:09:28.965607+05:30", "level": "INFO", "message": "SELECT 1", "name": "logging", "function": "callHandlers", "line": 1736, "service": "library", "environment": "development"}
{"timestamp": "2025-05-10T15:09:28.966295+05:30", "level": "INFO", "message": "[generated in 0.00145s] ()", "name": "logging", "function": "callHandlers", "line": 1736, "service": "library", "environment": "development"}
{"timestamp": "2025-05-10T15:09:28.968194+05:30", "level": "INFO", "message": "Successfully connected to PostgreSQL", "name": "src.app.setup", "function": "lifespan", "line": 29, "service": "library", "environment": "development"}
{"timestamp": "2025-05-10T15:09:28.968984+05:30", "level": "INFO", "message": "ROLLBACK", "name": "logging", "function": "callHandlers", "line": 1736, "service": "library", "environment": "development"}
{"timestamp": "2025-05-10T15:09:31.004352+05:30", "level": "INFO", "message": "Successfully connected to Redis", "name": "src.app.setup", "function": "lifespan", "line": 43, "service": "library", "environment": "development"}
{"timestamp": "2025-05-10T15:09:31.005167+05:30", "level": "INFO", "message": "Redis cache initialized", "name": "src.app.setup", "function": "lifespan", "line": 48, "service": "library", "environment": "development"}
{"timestamp": "2025-05-10T15:09:31.005901+05:30", "level": "INFO", "message": "Application startup complete.", "name": "logging", "function": "callHandlers", "line": 1736, "service": "library", "environment": "development"}
{"timestamp": "2025-05-10T15:11:42.131159+05:30", "level": "INFO", "message": "Shutting down", "name": "logging", "function": "callHandlers", "line": 1736, "service": "library", "environment": "development"}
{"timestamp": "2025-05-10T15:11:42.243601+05:30", "level": "INFO", "message": "Waiting for application shutdown.", "name": "logging", "function": "callHandlers", "line": 1736, "service": "library", "environment": "development"}
{"timestamp": "2025-05-10T15:11:42.244915+05:30", "level": "INFO", "message": "Redis connection closed", "name": "src.app.setup", "function": "lifespan", "line": 60, "service": "library", "environment": "development"}
{"timestamp": "2025-05-10T15:11:42.248550+05:30", "level": "INFO", "message": "PostgreSQL connection pool closed", "name": "src.app.setup", "function": "lifespan", "line": 64, "service": "library", "environment": "development"}
{"timestamp": "2025-05-10T15:11:42.249730+05:30", "level": "INFO", "message": "Application shutdown complete.", "name": "logging", "function": "callHandlers", "line": 1736, "service": "library", "environment": "development"}
{"timestamp": "2025-05-10T15:11:42.251136+05:30", "level": "INFO", "message": "Finished server process [25672]", "name": "logging", "function": "callHandlers", "line": 1736, "service": "library", "environment": "development"}
{"timestamp": "2025-05-10T15:11:44.322438+05:30", "level": "INFO", "message": "Logging is configured.", "name": "src.core.log.config", "function": "setup_logging", "line": 106, "service": "library", "environment": "development"}
{"timestamp": "2025-05-10T15:11:44.409770+05:30", "level": "INFO", "message": "select pg_catalog.version()", "name": "logging", "function": "callHandlers", "line": 1736, "service": "library", "environment": "development"}
{"timestamp": "2025-05-10T15:11:44.410600+05:30", "level": "INFO", "message": "[raw sql] ()", "name": "logging", "function": "callHandlers", "line": 1736, "service": "library", "environment": "development"}
{"timestamp": "2025-05-10T15:11:44.412732+05:30", "level": "INFO", "message": "select current_schema()", "name": "logging", "function": "callHandlers", "line": 1736, "service": "library", "environment": "development"}
{"timestamp": "2025-05-10T15:11:44.413399+05:30", "level": "INFO", "message": "[raw sql] ()", "name": "logging", "function": "callHandlers", "line": 1736, "service": "library", "environment": "development"}
{"timestamp": "2025-05-10T15:11:44.415123+05:30", "level": "INFO", "message": "show standard_conforming_strings", "name": "logging", "function": "callHandlers", "line": 1736, "service": "library", "environment": "development"}
{"timestamp": "2025-05-10T15:11:44.415661+05:30", "level": "INFO", "message": "[raw sql] ()", "name": "logging", "function": "callHandlers", "line": 1736, "service": "library", "environment": "development"}
{"timestamp": "2025-05-10T15:11:44.418640+05:30", "level": "INFO", "message": "BEGIN (implicit)", "name": "logging", "function": "callHandlers", "line": 1736, "service": "library", "environment": "development"}
{"timestamp": "2025-05-10T15:11:44.419471+05:30", "level": "INFO", "message": "SELECT 1", "name": "logging", "function": "callHandlers", "line": 1736, "service": "library", "environment": "development"}
{"timestamp": "2025-05-10T15:11:44.419983+05:30", "level": "INFO", "message": "[generated in 0.00137s] ()", "name": "logging", "function": "callHandlers", "line": 1736, "service": "library", "environment": "development"}
{"timestamp": "2025-05-10T15:11:44.421302+05:30", "level": "INFO", "message": "Successfully connected to PostgreSQL", "name": "src.app.setup", "function": "lifespan", "line": 29, "service": "library", "environment": "development"}
{"timestamp": "2025-05-10T15:11:44.421969+05:30", "level": "INFO", "message": "ROLLBACK", "name": "logging", "function": "callHandlers", "line": 1736, "service": "library", "environment": "development"}
{"timestamp": "2025-05-10T15:11:46.474374+05:30", "level": "INFO", "message": "Successfully connected to Redis", "name": "src.app.setup", "function": "lifespan", "line": 43, "service": "library", "environment": "development"}
{"timestamp": "2025-05-10T15:11:46.475322+05:30", "level": "INFO", "message": "Redis cache initialized", "name": "src.app.setup", "function": "lifespan", "line": 48, "service": "library", "environment": "development"}
{"timestamp": "2025-05-10T15:11:46.476116+05:30", "level": "INFO", "message": "Application startup complete.", "name": "logging", "function": "callHandlers", "line": 1736, "service": "library", "environment": "development"}
{"timestamp": "2025-05-10T15:11:46.479872+05:30", "level": "ERROR", "message": "Traceback (most recent call last):\n  File \"C:\\Python313\\Lib\\asyncio\\runners.py\", line 118, in run\n    return self._loop.run_until_complete(task)\n           ~~~~~~~~~~~~~~~~~~~~~~~~~~~~~^^^^^^\n  File \"C:\\Python313\\Lib\\asyncio\\base_events.py\", line 720, in run_until_complete\n    return future.result()\n           ~~~~~~~~~~~~~^^\nasyncio.exceptions.CancelledError\n\nDuring handling of the above exception, another exception occurred:\n\nTraceback (most recent call last):\n  File \"C:\\Python313\\Lib\\asyncio\\runners.py\", line 194, in run\n    return runner.run(main)\n           ~~~~~~~~~~^^^^^^\n  File \"C:\\Python313\\Lib\\asyncio\\runners.py\", line 123, in run\n    raise KeyboardInterrupt()\nKeyboardInterrupt\n\nDuring handling of the above exception, another exception occurred:\n\nTraceback (most recent call last):\n  File \"C:\\Users\\sudee\\OneDrive\\Desktop\\Dev\\HorizonXFastAPI\\.venv\\Lib\\site-packages\\starlette\\routing.py\", line 699, in lifespan\n    await receive()\n  File \"C:\\Users\\sudee\\OneDrive\\Desktop\\Dev\\HorizonXFastAPI\\.venv\\Lib\\site-packages\\uvicorn\\lifespan\\on.py\", line 137, in receive\n    return await self.receive_queue.get()\n           ^^^^^^^^^^^^^^^^^^^^^^^^^^^^^^\n  File \"C:\\Python313\\Lib\\asyncio\\queues.py\", line 186, in get\n    await getter\nasyncio.exceptions.CancelledError\n", "name": "logging", "function": "callHandlers", "line": 1736, "service": "library", "environment": "development"}
{"timestamp": "2025-05-10T15:11:48.185727+05:30", "level": "INFO", "message": "Logging is configured.", "name": "src.core.log.config", "function": "setup_logging", "line": 106, "service": "library", "environment": "development"}
{"timestamp": "2025-05-10T15:11:48.271141+05:30", "level": "INFO", "message": "select pg_catalog.version()", "name": "logging", "function": "callHandlers", "line": 1736, "service": "library", "environment": "development"}
{"timestamp": "2025-05-10T15:11:48.271939+05:30", "level": "INFO", "message": "[raw sql] ()", "name": "logging", "function": "callHandlers", "line": 1736, "service": "library", "environment": "development"}
{"timestamp": "2025-05-10T15:11:48.274753+05:30", "level": "INFO", "message": "select current_schema()", "name": "logging", "function": "callHandlers", "line": 1736, "service": "library", "environment": "development"}
{"timestamp": "2025-05-10T15:11:48.275477+05:30", "level": "INFO", "message": "[raw sql] ()", "name": "logging", "function": "callHandlers", "line": 1736, "service": "library", "environment": "development"}
{"timestamp": "2025-05-10T15:11:48.277233+05:30", "level": "INFO", "message": "show standard_conforming_strings", "name": "logging", "function": "callHandlers", "line": 1736, "service": "library", "environment": "development"}
{"timestamp": "2025-05-10T15:11:48.277833+05:30", "level": "INFO", "message": "[raw sql] ()", "name": "logging", "function": "callHandlers", "line": 1736, "service": "library", "environment": "development"}
{"timestamp": "2025-05-10T15:11:48.279425+05:30", "level": "INFO", "message": "BEGIN (implicit)", "name": "logging", "function": "callHandlers", "line": 1736, "service": "library", "environment": "development"}
{"timestamp": "2025-05-10T15:11:48.280333+05:30", "level": "INFO", "message": "SELECT 1", "name": "logging", "function": "callHandlers", "line": 1736, "service": "library", "environment": "development"}
{"timestamp": "2025-05-10T15:11:48.280977+05:30", "level": "INFO", "message": "[generated in 0.00156s] ()", "name": "logging", "function": "callHandlers", "line": 1736, "service": "library", "environment": "development"}
{"timestamp": "2025-05-10T15:11:48.282846+05:30", "level": "INFO", "message": "Successfully connected to PostgreSQL", "name": "src.app.setup", "function": "lifespan", "line": 29, "service": "library", "environment": "development"}
{"timestamp": "2025-05-10T15:11:48.283851+05:30", "level": "INFO", "message": "ROLLBACK", "name": "logging", "function": "callHandlers", "line": 1736, "service": "library", "environment": "development"}
{"timestamp": "2025-05-10T15:11:50.338438+05:30", "level": "INFO", "message": "Successfully connected to Redis", "name": "src.app.setup", "function": "lifespan", "line": 43, "service": "library", "environment": "development"}
{"timestamp": "2025-05-10T15:11:50.339595+05:30", "level": "INFO", "message": "Redis cache initialized", "name": "src.app.setup", "function": "lifespan", "line": 48, "service": "library", "environment": "development"}
{"timestamp": "2025-05-10T15:11:50.340399+05:30", "level": "INFO", "message": "Application startup complete.", "name": "logging", "function": "callHandlers", "line": 1736, "service": "library", "environment": "development"}
{"timestamp": "2025-05-10T15:14:24.662097+05:30", "level": "INFO", "message": "Shutting down", "name": "logging", "function": "callHandlers", "line": 1736, "service": "library", "environment": "development"}
{"timestamp": "2025-05-10T15:14:24.773347+05:30", "level": "INFO", "message": "Waiting for application shutdown.", "name": "logging", "function": "callHandlers", "line": 1736, "service": "library", "environment": "development"}
{"timestamp": "2025-05-10T15:14:24.774515+05:30", "level": "INFO", "message": "Redis connection closed", "name": "src.app.setup", "function": "lifespan", "line": 60, "service": "library", "environment": "development"}
{"timestamp": "2025-05-10T15:14:24.780057+05:30", "level": "INFO", "message": "PostgreSQL connection pool closed", "name": "src.app.setup", "function": "lifespan", "line": 64, "service": "library", "environment": "development"}
{"timestamp": "2025-05-10T15:14:24.781180+05:30", "level": "INFO", "message": "Application shutdown complete.", "name": "logging", "function": "callHandlers", "line": 1736, "service": "library", "environment": "development"}
{"timestamp": "2025-05-10T15:14:24.781868+05:30", "level": "INFO", "message": "Finished server process [25984]", "name": "logging", "function": "callHandlers", "line": 1736, "service": "library", "environment": "development"}
{"timestamp": "2025-05-10T15:14:26.621518+05:30", "level": "INFO", "message": "Logging is configured.", "name": "src.core.log.config", "function": "setup_logging", "line": 106, "service": "library", "environment": "development"}
{"timestamp": "2025-05-10T15:14:26.753728+05:30", "level": "INFO", "message": "select pg_catalog.version()", "name": "logging", "function": "callHandlers", "line": 1736, "service": "library", "environment": "development"}
{"timestamp": "2025-05-10T15:14:26.754480+05:30", "level": "INFO", "message": "[raw sql] ()", "name": "logging", "function": "callHandlers", "line": 1736, "service": "library", "environment": "development"}
{"timestamp": "2025-05-10T15:14:26.756114+05:30", "level": "INFO", "message": "select current_schema()", "name": "logging", "function": "callHandlers", "line": 1736, "service": "library", "environment": "development"}
{"timestamp": "2025-05-10T15:14:26.756567+05:30", "level": "INFO", "message": "[raw sql] ()", "name": "logging", "function": "callHandlers", "line": 1736, "service": "library", "environment": "development"}
{"timestamp": "2025-05-10T15:14:26.757650+05:30", "level": "INFO", "message": "show standard_conforming_strings", "name": "logging", "function": "callHandlers", "line": 1736, "service": "library", "environment": "development"}
{"timestamp": "2025-05-10T15:14:26.758017+05:30", "level": "INFO", "message": "[raw sql] ()", "name": "logging", "function": "callHandlers", "line": 1736, "service": "library", "environment": "development"}
{"timestamp": "2025-05-10T15:14:26.759322+05:30", "level": "INFO", "message": "BEGIN (implicit)", "name": "logging", "function": "callHandlers", "line": 1736, "service": "library", "environment": "development"}
{"timestamp": "2025-05-10T15:14:26.759761+05:30", "level": "INFO", "message": "SELECT 1", "name": "logging", "function": "callHandlers", "line": 1736, "service": "library", "environment": "development"}
{"timestamp": "2025-05-10T15:14:26.760396+05:30", "level": "INFO", "message": "[generated in 0.00102s] ()", "name": "logging", "function": "callHandlers", "line": 1736, "service": "library", "environment": "development"}
{"timestamp": "2025-05-10T15:14:26.762724+05:30", "level": "INFO", "message": "Successfully connected to PostgreSQL", "name": "src.app.setup", "function": "lifespan", "line": 29, "service": "library", "environment": "development"}
{"timestamp": "2025-05-10T15:14:26.764895+05:30", "level": "INFO", "message": "ROLLBACK", "name": "logging", "function": "callHandlers", "line": 1736, "service": "library", "environment": "development"}
{"timestamp": "2025-05-10T15:14:28.800395+05:30", "level": "INFO", "message": "Successfully connected to Redis", "name": "src.app.setup", "function": "lifespan", "line": 43, "service": "library", "environment": "development"}
{"timestamp": "2025-05-10T15:14:28.801431+05:30", "level": "INFO", "message": "Redis cache initialized", "name": "src.app.setup", "function": "lifespan", "line": 48, "service": "library", "environment": "development"}
{"timestamp": "2025-05-10T15:14:28.802400+05:30", "level": "INFO", "message": "Application startup complete.", "name": "logging", "function": "callHandlers", "line": 1736, "service": "library", "environment": "development"}
{"timestamp": "2025-05-10T15:14:28.805814+05:30", "level": "ERROR", "message": "Traceback (most recent call last):\n  File \"C:\\Python313\\Lib\\asyncio\\runners.py\", line 118, in run\n    return self._loop.run_until_complete(task)\n           ~~~~~~~~~~~~~~~~~~~~~~~~~~~~~^^^^^^\n  File \"C:\\Python313\\Lib\\asyncio\\base_events.py\", line 720, in run_until_complete\n    return future.result()\n           ~~~~~~~~~~~~~^^\nasyncio.exceptions.CancelledError\n\nDuring handling of the above exception, another exception occurred:\n\nTraceback (most recent call last):\n  File \"C:\\Python313\\Lib\\asyncio\\runners.py\", line 194, in run\n    return runner.run(main)\n           ~~~~~~~~~~^^^^^^\n  File \"C:\\Python313\\Lib\\asyncio\\runners.py\", line 123, in run\n    raise KeyboardInterrupt()\nKeyboardInterrupt\n\nDuring handling of the above exception, another exception occurred:\n\nTraceback (most recent call last):\n  File \"C:\\Users\\sudee\\OneDrive\\Desktop\\Dev\\HorizonXFastAPI\\.venv\\Lib\\site-packages\\starlette\\routing.py\", line 699, in lifespan\n    await receive()\n  File \"C:\\Users\\sudee\\OneDrive\\Desktop\\Dev\\HorizonXFastAPI\\.venv\\Lib\\site-packages\\uvicorn\\lifespan\\on.py\", line 137, in receive\n    return await self.receive_queue.get()\n           ^^^^^^^^^^^^^^^^^^^^^^^^^^^^^^\n  File \"C:\\Python313\\Lib\\asyncio\\queues.py\", line 186, in get\n    await getter\nasyncio.exceptions.CancelledError\n", "name": "logging", "function": "callHandlers", "line": 1736, "service": "library", "environment": "development"}
{"timestamp": "2025-05-10T15:14:30.491698+05:30", "level": "INFO", "message": "Logging is configured.", "name": "src.core.log.config", "function": "setup_logging", "line": 106, "service": "library", "environment": "development"}
{"timestamp": "2025-05-10T15:14:30.668077+05:30", "level": "INFO", "message": "select pg_catalog.version()", "name": "logging", "function": "callHandlers", "line": 1736, "service": "library", "environment": "development"}
{"timestamp": "2025-05-10T15:14:30.668939+05:30", "level": "INFO", "message": "[raw sql] ()", "name": "logging", "function": "callHandlers", "line": 1736, "service": "library", "environment": "development"}
{"timestamp": "2025-05-10T15:14:30.671345+05:30", "level": "INFO", "message": "select current_schema()", "name": "logging", "function": "callHandlers", "line": 1736, "service": "library", "environment": "development"}
{"timestamp": "2025-05-10T15:14:30.672116+05:30", "level": "INFO", "message": "[raw sql] ()", "name": "logging", "function": "callHandlers", "line": 1736, "service": "library", "environment": "development"}
{"timestamp": "2025-05-10T15:14:30.673788+05:30", "level": "INFO", "message": "show standard_conforming_strings", "name": "logging", "function": "callHandlers", "line": 1736, "service": "library", "environment": "development"}
{"timestamp": "2025-05-10T15:14:30.674413+05:30", "level": "INFO", "message": "[raw sql] ()", "name": "logging", "function": "callHandlers", "line": 1736, "service": "library", "environment": "development"}
{"timestamp": "2025-05-10T15:14:30.676549+05:30", "level": "INFO", "message": "BEGIN (implicit)", "name": "logging", "function": "callHandlers", "line": 1736, "service": "library", "environment": "development"}
{"timestamp": "2025-05-10T15:14:30.677359+05:30", "level": "INFO", "message": "SELECT 1", "name": "logging", "function": "callHandlers", "line": 1736, "service": "library", "environment": "development"}
{"timestamp": "2025-05-10T15:14:30.677992+05:30", "level": "INFO", "message": "[generated in 0.00153s] ()", "name": "logging", "function": "callHandlers", "line": 1736, "service": "library", "environment": "development"}
{"timestamp": "2025-05-10T15:14:30.680471+05:30", "level": "INFO", "message": "Successfully connected to PostgreSQL", "name": "src.app.setup", "function": "lifespan", "line": 29, "service": "library", "environment": "development"}
{"timestamp": "2025-05-10T15:14:30.681247+05:30", "level": "INFO", "message": "ROLLBACK", "name": "logging", "function": "callHandlers", "line": 1736, "service": "library", "environment": "development"}
{"timestamp": "2025-05-10T15:14:32.723003+05:30", "level": "INFO", "message": "Successfully connected to Redis", "name": "src.app.setup", "function": "lifespan", "line": 43, "service": "library", "environment": "development"}
{"timestamp": "2025-05-10T15:14:32.723817+05:30", "level": "INFO", "message": "Redis cache initialized", "name": "src.app.setup", "function": "lifespan", "line": 48, "service": "library", "environment": "development"}
{"timestamp": "2025-05-10T15:14:32.724393+05:30", "level": "INFO", "message": "Application startup complete.", "name": "logging", "function": "callHandlers", "line": 1736, "service": "library", "environment": "development"}
{"timestamp": "2025-05-10T15:16:25.121459+05:30", "level": "INFO", "message": "Shutting down", "name": "logging", "function": "callHandlers", "line": 1736, "service": "library", "environment": "development"}
{"timestamp": "2025-05-10T15:16:25.223654+05:30", "level": "INFO", "message": "Waiting for application shutdown.", "name": "logging", "function": "callHandlers", "line": 1736, "service": "library", "environment": "development"}
{"timestamp": "2025-05-10T15:16:25.225137+05:30", "level": "INFO", "message": "Redis connection closed", "name": "src.app.setup", "function": "lifespan", "line": 60, "service": "library", "environment": "development"}
{"timestamp": "2025-05-10T15:16:25.226354+05:30", "level": "INFO", "message": "PostgreSQL connection pool closed", "name": "src.app.setup", "function": "lifespan", "line": 64, "service": "library", "environment": "development"}
{"timestamp": "2025-05-10T15:16:25.227093+05:30", "level": "INFO", "message": "Application shutdown complete.", "name": "logging", "function": "callHandlers", "line": 1736, "service": "library", "environment": "development"}
{"timestamp": "2025-05-10T15:16:25.227736+05:30", "level": "INFO", "message": "Finished server process [17256]", "name": "logging", "function": "callHandlers", "line": 1736, "service": "library", "environment": "development"}
{"timestamp": "2025-05-10T15:16:27.314883+05:30", "level": "INFO", "message": "Logging is configured.", "name": "src.core.log.config", "function": "setup_logging", "line": 106, "service": "library", "environment": "development"}
{"timestamp": "2025-05-10T15:16:27.392245+05:30", "level": "INFO", "message": "select pg_catalog.version()", "name": "logging", "function": "callHandlers", "line": 1736, "service": "library", "environment": "development"}
{"timestamp": "2025-05-10T15:16:27.392960+05:30", "level": "INFO", "message": "[raw sql] ()", "name": "logging", "function": "callHandlers", "line": 1736, "service": "library", "environment": "development"}
{"timestamp": "2025-05-10T15:16:27.394934+05:30", "level": "INFO", "message": "select current_schema()", "name": "logging", "function": "callHandlers", "line": 1736, "service": "library", "environment": "development"}
{"timestamp": "2025-05-10T15:16:27.395522+05:30", "level": "INFO", "message": "[raw sql] ()", "name": "logging", "function": "callHandlers", "line": 1736, "service": "library", "environment": "development"}
{"timestamp": "2025-05-10T15:16:27.397282+05:30", "level": "INFO", "message": "show standard_conforming_strings", "name": "logging", "function": "callHandlers", "line": 1736, "service": "library", "environment": "development"}
{"timestamp": "2025-05-10T15:16:27.397761+05:30", "level": "INFO", "message": "[raw sql] ()", "name": "logging", "function": "callHandlers", "line": 1736, "service": "library", "environment": "development"}
{"timestamp": "2025-05-10T15:16:27.399302+05:30", "level": "INFO", "message": "BEGIN (implicit)", "name": "logging", "function": "callHandlers", "line": 1736, "service": "library", "environment": "development"}
{"timestamp": "2025-05-10T15:16:27.399822+05:30", "level": "INFO", "message": "SELECT 1", "name": "logging", "function": "callHandlers", "line": 1736, "service": "library", "environment": "development"}
{"timestamp": "2025-05-10T15:16:27.400324+05:30", "level": "INFO", "message": "[generated in 0.00101s] ()", "name": "logging", "function": "callHandlers", "line": 1736, "service": "library", "environment": "development"}
{"timestamp": "2025-05-10T15:16:27.401386+05:30", "level": "INFO", "message": "Successfully connected to PostgreSQL", "name": "src.app.setup", "function": "lifespan", "line": 29, "service": "library", "environment": "development"}
{"timestamp": "2025-05-10T15:16:27.401952+05:30", "level": "INFO", "message": "ROLLBACK", "name": "logging", "function": "callHandlers", "line": 1736, "service": "library", "environment": "development"}
{"timestamp": "2025-05-10T15:16:29.449936+05:30", "level": "INFO", "message": "Successfully connected to Redis", "name": "src.app.setup", "function": "lifespan", "line": 43, "service": "library", "environment": "development"}
{"timestamp": "2025-05-10T15:16:29.450923+05:30", "level": "INFO", "message": "Redis cache initialized", "name": "src.app.setup", "function": "lifespan", "line": 48, "service": "library", "environment": "development"}
{"timestamp": "2025-05-10T15:16:29.451622+05:30", "level": "INFO", "message": "Application startup complete.", "name": "logging", "function": "callHandlers", "line": 1736, "service": "library", "environment": "development"}
{"timestamp": "2025-05-10T15:19:24.743463+05:30", "level": "INFO", "message": "Shutting down", "name": "logging", "function": "callHandlers", "line": 1736, "service": "library", "environment": "development"}
{"timestamp": "2025-05-10T15:19:24.846151+05:30", "level": "INFO", "message": "Waiting for application shutdown.", "name": "logging", "function": "callHandlers", "line": 1736, "service": "library", "environment": "development"}
{"timestamp": "2025-05-10T15:19:24.847675+05:30", "level": "INFO", "message": "Redis connection closed", "name": "src.app.setup", "function": "lifespan", "line": 60, "service": "library", "environment": "development"}
{"timestamp": "2025-05-10T15:19:24.853395+05:30", "level": "INFO", "message": "PostgreSQL connection pool closed", "name": "src.app.setup", "function": "lifespan", "line": 64, "service": "library", "environment": "development"}
{"timestamp": "2025-05-10T15:19:24.854153+05:30", "level": "INFO", "message": "Application shutdown complete.", "name": "logging", "function": "callHandlers", "line": 1736, "service": "library", "environment": "development"}
{"timestamp": "2025-05-10T15:19:24.854629+05:30", "level": "INFO", "message": "Finished server process [22724]", "name": "logging", "function": "callHandlers", "line": 1736, "service": "library", "environment": "development"}
{"timestamp": "2025-05-10T15:19:26.662943+05:30", "level": "INFO", "message": "Logging is configured.", "name": "src.core.log.config", "function": "setup_logging", "line": 106, "service": "library", "environment": "development"}
{"timestamp": "2025-05-10T15:19:26.746659+05:30", "level": "INFO", "message": "select pg_catalog.version()", "name": "logging", "function": "callHandlers", "line": 1736, "service": "library", "environment": "development"}
{"timestamp": "2025-05-10T15:19:26.747369+05:30", "level": "INFO", "message": "[raw sql] ()", "name": "logging", "function": "callHandlers", "line": 1736, "service": "library", "environment": "development"}
{"timestamp": "2025-05-10T15:19:26.748882+05:30", "level": "INFO", "message": "select current_schema()", "name": "logging", "function": "callHandlers", "line": 1736, "service": "library", "environment": "development"}
{"timestamp": "2025-05-10T15:19:26.749330+05:30", "level": "INFO", "message": "[raw sql] ()", "name": "logging", "function": "callHandlers", "line": 1736, "service": "library", "environment": "development"}
{"timestamp": "2025-05-10T15:19:26.750288+05:30", "level": "INFO", "message": "show standard_conforming_strings", "name": "logging", "function": "callHandlers", "line": 1736, "service": "library", "environment": "development"}
{"timestamp": "2025-05-10T15:19:26.750652+05:30", "level": "INFO", "message": "[raw sql] ()", "name": "logging", "function": "callHandlers", "line": 1736, "service": "library", "environment": "development"}
{"timestamp": "2025-05-10T15:19:26.751844+05:30", "level": "INFO", "message": "BEGIN (implicit)", "name": "logging", "function": "callHandlers", "line": 1736, "service": "library", "environment": "development"}
{"timestamp": "2025-05-10T15:19:26.752227+05:30", "level": "INFO", "message": "SELECT 1", "name": "logging", "function": "callHandlers", "line": 1736, "service": "library", "environment": "development"}
{"timestamp": "2025-05-10T15:19:26.752612+05:30", "level": "INFO", "message": "[generated in 0.00079s] ()", "name": "logging", "function": "callHandlers", "line": 1736, "service": "library", "environment": "development"}
{"timestamp": "2025-05-10T15:19:26.753361+05:30", "level": "INFO", "message": "Successfully connected to PostgreSQL", "name": "src.app.setup", "function": "lifespan", "line": 29, "service": "library", "environment": "development"}
{"timestamp": "2025-05-10T15:19:26.753753+05:30", "level": "INFO", "message": "ROLLBACK", "name": "logging", "function": "callHandlers", "line": 1736, "service": "library", "environment": "development"}
{"timestamp": "2025-05-10T15:19:28.800647+05:30", "level": "INFO", "message": "Successfully connected to Redis", "name": "src.app.setup", "function": "lifespan", "line": 43, "service": "library", "environment": "development"}
{"timestamp": "2025-05-10T15:19:28.802361+05:30", "level": "INFO", "message": "Redis cache initialized", "name": "src.app.setup", "function": "lifespan", "line": 48, "service": "library", "environment": "development"}
{"timestamp": "2025-05-10T15:19:28.803752+05:30", "level": "INFO", "message": "Application startup complete.", "name": "logging", "function": "callHandlers", "line": 1736, "service": "library", "environment": "development"}
{"timestamp": "2025-05-10T15:20:28.204596+05:30", "level": "INFO", "message": "Shutting down", "name": "logging", "function": "callHandlers", "line": 1736, "service": "library", "environment": "development"}
{"timestamp": "2025-05-10T15:20:28.316143+05:30", "level": "INFO", "message": "Waiting for application shutdown.", "name": "logging", "function": "callHandlers", "line": 1736, "service": "library", "environment": "development"}
{"timestamp": "2025-05-10T15:20:28.317311+05:30", "level": "INFO", "message": "Redis connection closed", "name": "src.app.setup", "function": "lifespan", "line": 60, "service": "library", "environment": "development"}
{"timestamp": "2025-05-10T15:20:28.321646+05:30", "level": "INFO", "message": "PostgreSQL connection pool closed", "name": "src.app.setup", "function": "lifespan", "line": 64, "service": "library", "environment": "development"}
{"timestamp": "2025-05-10T15:20:28.323463+05:30", "level": "INFO", "message": "Application shutdown complete.", "name": "logging", "function": "callHandlers", "line": 1736, "service": "library", "environment": "development"}
{"timestamp": "2025-05-10T15:20:28.324536+05:30", "level": "INFO", "message": "Finished server process [4996]", "name": "logging", "function": "callHandlers", "line": 1736, "service": "library", "environment": "development"}
{"timestamp": "2025-05-10T15:20:29.956160+05:30", "level": "INFO", "message": "Logging is configured.", "name": "src.core.log.config", "function": "setup_logging", "line": 106, "service": "library", "environment": "development"}
{"timestamp": "2025-05-10T15:20:30.026310+05:30", "level": "INFO", "message": "select pg_catalog.version()", "name": "logging", "function": "callHandlers", "line": 1736, "service": "library", "environment": "development"}
{"timestamp": "2025-05-10T15:20:30.027035+05:30", "level": "INFO", "message": "[raw sql] ()", "name": "logging", "function": "callHandlers", "line": 1736, "service": "library", "environment": "development"}
{"timestamp": "2025-05-10T15:20:30.029118+05:30", "level": "INFO", "message": "select current_schema()", "name": "logging", "function": "callHandlers", "line": 1736, "service": "library", "environment": "development"}
{"timestamp": "2025-05-10T15:20:30.029753+05:30", "level": "INFO", "message": "[raw sql] ()", "name": "logging", "function": "callHandlers", "line": 1736, "service": "library", "environment": "development"}
{"timestamp": "2025-05-10T15:20:30.031452+05:30", "level": "INFO", "message": "show standard_conforming_strings", "name": "logging", "function": "callHandlers", "line": 1736, "service": "library", "environment": "development"}
{"timestamp": "2025-05-10T15:20:30.032058+05:30", "level": "INFO", "message": "[raw sql] ()", "name": "logging", "function": "callHandlers", "line": 1736, "service": "library", "environment": "development"}
{"timestamp": "2025-05-10T15:20:30.033751+05:30", "level": "INFO", "message": "BEGIN (implicit)", "name": "logging", "function": "callHandlers", "line": 1736, "service": "library", "environment": "development"}
{"timestamp": "2025-05-10T15:20:30.034409+05:30", "level": "INFO", "message": "SELECT 1", "name": "logging", "function": "callHandlers", "line": 1736, "service": "library", "environment": "development"}
{"timestamp": "2025-05-10T15:20:30.034886+05:30", "level": "INFO", "message": "[generated in 0.00116s] ()", "name": "logging", "function": "callHandlers", "line": 1736, "service": "library", "environment": "development"}
{"timestamp": "2025-05-10T15:20:30.036308+05:30", "level": "INFO", "message": "Successfully connected to PostgreSQL", "name": "src.app.setup", "function": "lifespan", "line": 29, "service": "library", "environment": "development"}
{"timestamp": "2025-05-10T15:20:30.036946+05:30", "level": "INFO", "message": "ROLLBACK", "name": "logging", "function": "callHandlers", "line": 1736, "service": "library", "environment": "development"}
{"timestamp": "2025-05-10T15:20:32.079534+05:30", "level": "INFO", "message": "Successfully connected to Redis", "name": "src.app.setup", "function": "lifespan", "line": 43, "service": "library", "environment": "development"}
{"timestamp": "2025-05-10T15:20:32.080696+05:30", "level": "INFO", "message": "Redis cache initialized", "name": "src.app.setup", "function": "lifespan", "line": 48, "service": "library", "environment": "development"}
{"timestamp": "2025-05-10T15:20:32.081370+05:30", "level": "INFO", "message": "Application startup complete.", "name": "logging", "function": "callHandlers", "line": 1736, "service": "library", "environment": "development"}
{"timestamp": "2025-05-10T15:20:32.084613+05:30", "level": "ERROR", "message": "Traceback (most recent call last):\n  File \"C:\\Python313\\Lib\\asyncio\\runners.py\", line 118, in run\n    return self._loop.run_until_complete(task)\n           ~~~~~~~~~~~~~~~~~~~~~~~~~~~~~^^^^^^\n  File \"C:\\Python313\\Lib\\asyncio\\base_events.py\", line 720, in run_until_complete\n    return future.result()\n           ~~~~~~~~~~~~~^^\nasyncio.exceptions.CancelledError\n\nDuring handling of the above exception, another exception occurred:\n\nTraceback (most recent call last):\n  File \"C:\\Python313\\Lib\\asyncio\\runners.py\", line 194, in run\n    return runner.run(main)\n           ~~~~~~~~~~^^^^^^\n  File \"C:\\Python313\\Lib\\asyncio\\runners.py\", line 123, in run\n    raise KeyboardInterrupt()\nKeyboardInterrupt\n\nDuring handling of the above exception, another exception occurred:\n\nTraceback (most recent call last):\n  File \"C:\\Users\\sudee\\OneDrive\\Desktop\\Dev\\HorizonXFastAPI\\.venv\\Lib\\site-packages\\starlette\\routing.py\", line 699, in lifespan\n    await receive()\n  File \"C:\\Users\\sudee\\OneDrive\\Desktop\\Dev\\HorizonXFastAPI\\.venv\\Lib\\site-packages\\uvicorn\\lifespan\\on.py\", line 137, in receive\n    return await self.receive_queue.get()\n           ^^^^^^^^^^^^^^^^^^^^^^^^^^^^^^\n  File \"C:\\Python313\\Lib\\asyncio\\queues.py\", line 186, in get\n    await getter\nasyncio.exceptions.CancelledError\n", "name": "logging", "function": "callHandlers", "line": 1736, "service": "library", "environment": "development"}
{"timestamp": "2025-05-10T15:20:33.722222+05:30", "level": "INFO", "message": "Logging is configured.", "name": "src.core.log.config", "function": "setup_logging", "line": 106, "service": "library", "environment": "development"}
{"timestamp": "2025-05-10T15:20:33.905481+05:30", "level": "INFO", "message": "select pg_catalog.version()", "name": "logging", "function": "callHandlers", "line": 1736, "service": "library", "environment": "development"}
{"timestamp": "2025-05-10T15:20:33.907275+05:30", "level": "INFO", "message": "[raw sql] ()", "name": "logging", "function": "callHandlers", "line": 1736, "service": "library", "environment": "development"}
{"timestamp": "2025-05-10T15:20:33.909408+05:30", "level": "INFO", "message": "select current_schema()", "name": "logging", "function": "callHandlers", "line": 1736, "service": "library", "environment": "development"}
{"timestamp": "2025-05-10T15:20:33.909967+05:30", "level": "INFO", "message": "[raw sql] ()", "name": "logging", "function": "callHandlers", "line": 1736, "service": "library", "environment": "development"}
{"timestamp": "2025-05-10T15:20:33.911491+05:30", "level": "INFO", "message": "show standard_conforming_strings", "name": "logging", "function": "callHandlers", "line": 1736, "service": "library", "environment": "development"}
{"timestamp": "2025-05-10T15:20:33.911971+05:30", "level": "INFO", "message": "[raw sql] ()", "name": "logging", "function": "callHandlers", "line": 1736, "service": "library", "environment": "development"}
{"timestamp": "2025-05-10T15:20:33.913688+05:30", "level": "INFO", "message": "BEGIN (implicit)", "name": "logging", "function": "callHandlers", "line": 1736, "service": "library", "environment": "development"}
{"timestamp": "2025-05-10T15:20:33.914276+05:30", "level": "INFO", "message": "SELECT 1", "name": "logging", "function": "callHandlers", "line": 1736, "service": "library", "environment": "development"}
{"timestamp": "2025-05-10T15:20:33.914755+05:30", "level": "INFO", "message": "[generated in 0.00109s] ()", "name": "logging", "function": "callHandlers", "line": 1736, "service": "library", "environment": "development"}
{"timestamp": "2025-05-10T15:20:33.916041+05:30", "level": "INFO", "message": "Successfully connected to PostgreSQL", "name": "src.app.setup", "function": "lifespan", "line": 29, "service": "library", "environment": "development"}
{"timestamp": "2025-05-10T15:20:33.916571+05:30", "level": "INFO", "message": "ROLLBACK", "name": "logging", "function": "callHandlers", "line": 1736, "service": "library", "environment": "development"}
{"timestamp": "2025-05-10T15:20:35.974928+05:30", "level": "INFO", "message": "Successfully connected to Redis", "name": "src.app.setup", "function": "lifespan", "line": 43, "service": "library", "environment": "development"}
{"timestamp": "2025-05-10T15:20:35.975992+05:30", "level": "INFO", "message": "Redis cache initialized", "name": "src.app.setup", "function": "lifespan", "line": 48, "service": "library", "environment": "development"}
{"timestamp": "2025-05-10T15:20:35.976692+05:30", "level": "INFO", "message": "Application startup complete.", "name": "logging", "function": "callHandlers", "line": 1736, "service": "library", "environment": "development"}
{"timestamp": "2025-05-10T15:21:07.911673+05:30", "level": "INFO", "message": "Shutting down", "name": "logging", "function": "callHandlers", "line": 1736, "service": "library", "environment": "development"}
{"timestamp": "2025-05-10T15:21:08.012940+05:30", "level": "INFO", "message": "Waiting for application shutdown.", "name": "logging", "function": "callHandlers", "line": 1736, "service": "library", "environment": "development"}
{"timestamp": "2025-05-10T15:21:08.020292+05:30", "level": "INFO", "message": "Redis connection closed", "name": "src.app.setup", "function": "lifespan", "line": 60, "service": "library", "environment": "development"}
{"timestamp": "2025-05-10T15:21:08.024356+05:30", "level": "INFO", "message": "PostgreSQL connection pool closed", "name": "src.app.setup", "function": "lifespan", "line": 64, "service": "library", "environment": "development"}
{"timestamp": "2025-05-10T15:21:08.025534+05:30", "level": "INFO", "message": "Application shutdown complete.", "name": "logging", "function": "callHandlers", "line": 1736, "service": "library", "environment": "development"}
{"timestamp": "2025-05-10T15:21:08.026394+05:30", "level": "INFO", "message": "Finished server process [30668]", "name": "logging", "function": "callHandlers", "line": 1736, "service": "library", "environment": "development"}
{"timestamp": "2025-05-10T15:21:09.817998+05:30", "level": "INFO", "message": "Logging is configured.", "name": "src.core.log.config", "function": "setup_logging", "line": 106, "service": "library", "environment": "development"}
{"timestamp": "2025-05-10T15:21:09.999732+05:30", "level": "INFO", "message": "select pg_catalog.version()", "name": "logging", "function": "callHandlers", "line": 1736, "service": "library", "environment": "development"}
{"timestamp": "2025-05-10T15:21:10.000594+05:30", "level": "INFO", "message": "[raw sql] ()", "name": "logging", "function": "callHandlers", "line": 1736, "service": "library", "environment": "development"}
{"timestamp": "2025-05-10T15:21:10.002690+05:30", "level": "INFO", "message": "select current_schema()", "name": "logging", "function": "callHandlers", "line": 1736, "service": "library", "environment": "development"}
{"timestamp": "2025-05-10T15:21:10.003341+05:30", "level": "INFO", "message": "[raw sql] ()", "name": "logging", "function": "callHandlers", "line": 1736, "service": "library", "environment": "development"}
{"timestamp": "2025-05-10T15:21:10.005112+05:30", "level": "INFO", "message": "show standard_conforming_strings", "name": "logging", "function": "callHandlers", "line": 1736, "service": "library", "environment": "development"}
{"timestamp": "2025-05-10T15:21:10.005664+05:30", "level": "INFO", "message": "[raw sql] ()", "name": "logging", "function": "callHandlers", "line": 1736, "service": "library", "environment": "development"}
{"timestamp": "2025-05-10T15:21:10.007281+05:30", "level": "INFO", "message": "BEGIN (implicit)", "name": "logging", "function": "callHandlers", "line": 1736, "service": "library", "environment": "development"}
{"timestamp": "2025-05-10T15:21:10.008460+05:30", "level": "INFO", "message": "SELECT 1", "name": "logging", "function": "callHandlers", "line": 1736, "service": "library", "environment": "development"}
{"timestamp": "2025-05-10T15:21:10.009534+05:30", "level": "INFO", "message": "[generated in 0.00226s] ()", "name": "logging", "function": "callHandlers", "line": 1736, "service": "library", "environment": "development"}
{"timestamp": "2025-05-10T15:21:10.011239+05:30", "level": "INFO", "message": "Successfully connected to PostgreSQL", "name": "src.app.setup", "function": "lifespan", "line": 29, "service": "library", "environment": "development"}
{"timestamp": "2025-05-10T15:21:10.012028+05:30", "level": "INFO", "message": "ROLLBACK", "name": "logging", "function": "callHandlers", "line": 1736, "service": "library", "environment": "development"}
{"timestamp": "2025-05-10T15:21:12.048843+05:30", "level": "INFO", "message": "Successfully connected to Redis", "name": "src.app.setup", "function": "lifespan", "line": 43, "service": "library", "environment": "development"}
{"timestamp": "2025-05-10T15:21:12.049849+05:30", "level": "INFO", "message": "Redis cache initialized", "name": "src.app.setup", "function": "lifespan", "line": 48, "service": "library", "environment": "development"}
{"timestamp": "2025-05-10T15:21:12.050474+05:30", "level": "INFO", "message": "Application startup complete.", "name": "logging", "function": "callHandlers", "line": 1736, "service": "library", "environment": "development"}
{"timestamp": "2025-05-10T15:21:12.053542+05:30", "level": "ERROR", "message": "Traceback (most recent call last):\n  File \"C:\\Python313\\Lib\\asyncio\\runners.py\", line 118, in run\n    return self._loop.run_until_complete(task)\n           ~~~~~~~~~~~~~~~~~~~~~~~~~~~~~^^^^^^\n  File \"C:\\Python313\\Lib\\asyncio\\base_events.py\", line 720, in run_until_complete\n    return future.result()\n           ~~~~~~~~~~~~~^^\nasyncio.exceptions.CancelledError\n\nDuring handling of the above exception, another exception occurred:\n\nTraceback (most recent call last):\n  File \"C:\\Python313\\Lib\\asyncio\\runners.py\", line 194, in run\n    return runner.run(main)\n           ~~~~~~~~~~^^^^^^\n  File \"C:\\Python313\\Lib\\asyncio\\runners.py\", line 123, in run\n    raise KeyboardInterrupt()\nKeyboardInterrupt\n\nDuring handling of the above exception, another exception occurred:\n\nTraceback (most recent call last):\n  File \"C:\\Users\\sudee\\OneDrive\\Desktop\\Dev\\HorizonXFastAPI\\.venv\\Lib\\site-packages\\starlette\\routing.py\", line 699, in lifespan\n    await receive()\n  File \"C:\\Users\\sudee\\OneDrive\\Desktop\\Dev\\HorizonXFastAPI\\.venv\\Lib\\site-packages\\uvicorn\\lifespan\\on.py\", line 137, in receive\n    return await self.receive_queue.get()\n           ^^^^^^^^^^^^^^^^^^^^^^^^^^^^^^\n  File \"C:\\Python313\\Lib\\asyncio\\queues.py\", line 186, in get\n    await getter\nasyncio.exceptions.CancelledError\n", "name": "logging", "function": "callHandlers", "line": 1736, "service": "library", "environment": "development"}
{"timestamp": "2025-05-10T15:21:13.741647+05:30", "level": "INFO", "message": "Logging is configured.", "name": "src.core.log.config", "function": "setup_logging", "line": 106, "service": "library", "environment": "development"}
{"timestamp": "2025-05-10T15:21:13.817944+05:30", "level": "INFO", "message": "select pg_catalog.version()", "name": "logging", "function": "callHandlers", "line": 1736, "service": "library", "environment": "development"}
{"timestamp": "2025-05-10T15:21:13.818681+05:30", "level": "INFO", "message": "[raw sql] ()", "name": "logging", "function": "callHandlers", "line": 1736, "service": "library", "environment": "development"}
{"timestamp": "2025-05-10T15:21:13.820624+05:30", "level": "INFO", "message": "select current_schema()", "name": "logging", "function": "callHandlers", "line": 1736, "service": "library", "environment": "development"}
{"timestamp": "2025-05-10T15:21:13.821215+05:30", "level": "INFO", "message": "[raw sql] ()", "name": "logging", "function": "callHandlers", "line": 1736, "service": "library", "environment": "development"}
{"timestamp": "2025-05-10T15:21:13.823378+05:30", "level": "INFO", "message": "show standard_conforming_strings", "name": "logging", "function": "callHandlers", "line": 1736, "service": "library", "environment": "development"}
{"timestamp": "2025-05-10T15:21:13.824457+05:30", "level": "INFO", "message": "[raw sql] ()", "name": "logging", "function": "callHandlers", "line": 1736, "service": "library", "environment": "development"}
{"timestamp": "2025-05-10T15:21:13.827524+05:30", "level": "INFO", "message": "BEGIN (implicit)", "name": "logging", "function": "callHandlers", "line": 1736, "service": "library", "environment": "development"}
{"timestamp": "2025-05-10T15:21:13.828357+05:30", "level": "INFO", "message": "SELECT 1", "name": "logging", "function": "callHandlers", "line": 1736, "service": "library", "environment": "development"}
{"timestamp": "2025-05-10T15:21:13.828951+05:30", "level": "INFO", "message": "[generated in 0.00147s] ()", "name": "logging", "function": "callHandlers", "line": 1736, "service": "library", "environment": "development"}
{"timestamp": "2025-05-10T15:21:13.830269+05:30", "level": "INFO", "message": "Successfully connected to PostgreSQL", "name": "src.app.setup", "function": "lifespan", "line": 29, "service": "library", "environment": "development"}
{"timestamp": "2025-05-10T15:21:13.830831+05:30", "level": "INFO", "message": "ROLLBACK", "name": "logging", "function": "callHandlers", "line": 1736, "service": "library", "environment": "development"}
{"timestamp": "2025-05-10T15:21:15.882353+05:30", "level": "INFO", "message": "Successfully connected to Redis", "name": "src.app.setup", "function": "lifespan", "line": 43, "service": "library", "environment": "development"}
{"timestamp": "2025-05-10T15:21:15.883575+05:30", "level": "INFO", "message": "Redis cache initialized", "name": "src.app.setup", "function": "lifespan", "line": 48, "service": "library", "environment": "development"}
{"timestamp": "2025-05-10T15:21:15.884600+05:30", "level": "INFO", "message": "Application startup complete.", "name": "logging", "function": "callHandlers", "line": 1736, "service": "library", "environment": "development"}
{"timestamp": "2025-05-10T15:26:12.289178+05:30", "level": "INFO", "message": "Shutting down", "name": "logging", "function": "callHandlers", "line": 1736, "service": "library", "environment": "development"}
{"timestamp": "2025-05-10T15:26:12.404094+05:30", "level": "INFO", "message": "Waiting for application shutdown.", "name": "logging", "function": "callHandlers", "line": 1736, "service": "library", "environment": "development"}
{"timestamp": "2025-05-10T15:26:12.405590+05:30", "level": "INFO", "message": "Redis connection closed", "name": "src.app.setup", "function": "lifespan", "line": 60, "service": "library", "environment": "development"}
{"timestamp": "2025-05-10T15:26:12.411899+05:30", "level": "INFO", "message": "PostgreSQL connection pool closed", "name": "src.app.setup", "function": "lifespan", "line": 64, "service": "library", "environment": "development"}
{"timestamp": "2025-05-10T15:26:12.412918+05:30", "level": "INFO", "message": "Application shutdown complete.", "name": "logging", "function": "callHandlers", "line": 1736, "service": "library", "environment": "development"}
{"timestamp": "2025-05-10T15:26:12.413548+05:30", "level": "INFO", "message": "Finished server process [31512]", "name": "logging", "function": "callHandlers", "line": 1736, "service": "library", "environment": "development"}
{"timestamp": "2025-05-10T15:26:32.340595+05:30", "level": "INFO", "message": "Logging is configured.", "name": "src.core.log.config", "function": "setup_logging", "line": 106, "service": "library", "environment": "development"}
{"timestamp": "2025-05-10T15:26:32.411104+05:30", "level": "INFO", "message": "select pg_catalog.version()", "name": "logging", "function": "callHandlers", "line": 1736, "service": "library", "environment": "development"}
{"timestamp": "2025-05-10T15:26:32.411831+05:30", "level": "INFO", "message": "[raw sql] ()", "name": "logging", "function": "callHandlers", "line": 1736, "service": "library", "environment": "development"}
{"timestamp": "2025-05-10T15:26:32.414061+05:30", "level": "INFO", "message": "select current_schema()", "name": "logging", "function": "callHandlers", "line": 1736, "service": "library", "environment": "development"}
{"timestamp": "2025-05-10T15:26:32.414797+05:30", "level": "INFO", "message": "[raw sql] ()", "name": "logging", "function": "callHandlers", "line": 1736, "service": "library", "environment": "development"}
{"timestamp": "2025-05-10T15:26:32.416386+05:30", "level": "INFO", "message": "show standard_conforming_strings", "name": "logging", "function": "callHandlers", "line": 1736, "service": "library", "environment": "development"}
{"timestamp": "2025-05-10T15:26:32.417637+05:30", "level": "INFO", "message": "[raw sql] ()", "name": "logging", "function": "callHandlers", "line": 1736, "service": "library", "environment": "development"}
{"timestamp": "2025-05-10T15:26:32.419527+05:30", "level": "INFO", "message": "BEGIN (implicit)", "name": "logging", "function": "callHandlers", "line": 1736, "service": "library", "environment": "development"}
{"timestamp": "2025-05-10T15:26:32.420131+05:30", "level": "INFO", "message": "SELECT 1", "name": "logging", "function": "callHandlers", "line": 1736, "service": "library", "environment": "development"}
{"timestamp": "2025-05-10T15:26:32.420746+05:30", "level": "INFO", "message": "[generated in 0.00124s] ()", "name": "logging", "function": "callHandlers", "line": 1736, "service": "library", "environment": "development"}
{"timestamp": "2025-05-10T15:26:32.421948+05:30", "level": "INFO", "message": "Successfully connected to PostgreSQL", "name": "src.app.setup", "function": "lifespan", "line": 29, "service": "library", "environment": "development"}
{"timestamp": "2025-05-10T15:26:32.422713+05:30", "level": "INFO", "message": "ROLLBACK", "name": "logging", "function": "callHandlers", "line": 1736, "service": "library", "environment": "development"}
{"timestamp": "2025-05-10T15:26:34.453383+05:30", "level": "INFO", "message": "Successfully connected to Redis", "name": "src.app.setup", "function": "lifespan", "line": 43, "service": "library", "environment": "development"}
{"timestamp": "2025-05-10T15:26:34.454514+05:30", "level": "INFO", "message": "Redis cache initialized", "name": "src.app.setup", "function": "lifespan", "line": 48, "service": "library", "environment": "development"}
{"timestamp": "2025-05-10T15:26:34.455417+05:30", "level": "INFO", "message": "Application startup complete.", "name": "logging", "function": "callHandlers", "line": 1736, "service": "library", "environment": "development"}
{"timestamp": "2025-05-10T15:41:12.313071+05:30", "level": "INFO", "message": "Shutting down", "name": "logging", "function": "callHandlers", "line": 1736, "service": "library", "environment": "development"}
{"timestamp": "2025-05-10T15:41:12.423125+05:30", "level": "INFO", "message": "Waiting for application shutdown.", "name": "logging", "function": "callHandlers", "line": 1736, "service": "library", "environment": "development"}
{"timestamp": "2025-05-10T15:41:12.426039+05:30", "level": "INFO", "message": "Redis connection closed", "name": "src.app.setup", "function": "lifespan", "line": 60, "service": "library", "environment": "development"}
{"timestamp": "2025-05-10T15:41:12.432967+05:30", "level": "INFO", "message": "PostgreSQL connection pool closed", "name": "src.app.setup", "function": "lifespan", "line": 64, "service": "library", "environment": "development"}
{"timestamp": "2025-05-10T15:41:12.433932+05:30", "level": "INFO", "message": "Application shutdown complete.", "name": "logging", "function": "callHandlers", "line": 1736, "service": "library", "environment": "development"}
{"timestamp": "2025-05-10T15:41:12.434660+05:30", "level": "INFO", "message": "Finished server process [12284]", "name": "logging", "function": "callHandlers", "line": 1736, "service": "library", "environment": "development"}
{"timestamp": "2025-05-10T15:41:14.174149+05:30", "level": "INFO", "message": "Logging is configured.", "name": "src.core.log.config", "function": "setup_logging", "line": 109, "service": "library", "environment": "development"}
{"timestamp": "2025-05-10T15:41:14.250694+05:30", "level": "INFO", "message": "select pg_catalog.version()", "name": "logging", "function": "callHandlers", "line": 1736, "service": "library", "environment": "development"}
{"timestamp": "2025-05-10T15:41:14.252090+05:30", "level": "INFO", "message": "[raw sql] ()", "name": "logging", "function": "callHandlers", "line": 1736, "service": "library", "environment": "development"}
{"timestamp": "2025-05-10T15:41:14.254296+05:30", "level": "INFO", "message": "select current_schema()", "name": "logging", "function": "callHandlers", "line": 1736, "service": "library", "environment": "development"}
{"timestamp": "2025-05-10T15:41:14.254929+05:30", "level": "INFO", "message": "[raw sql] ()", "name": "logging", "function": "callHandlers", "line": 1736, "service": "library", "environment": "development"}
{"timestamp": "2025-05-10T15:41:14.256438+05:30", "level": "INFO", "message": "show standard_conforming_strings", "name": "logging", "function": "callHandlers", "line": 1736, "service": "library", "environment": "development"}
{"timestamp": "2025-05-10T15:41:14.256930+05:30", "level": "INFO", "message": "[raw sql] ()", "name": "logging", "function": "callHandlers", "line": 1736, "service": "library", "environment": "development"}
{"timestamp": "2025-05-10T15:41:14.258392+05:30", "level": "INFO", "message": "BEGIN (implicit)", "name": "logging", "function": "callHandlers", "line": 1736, "service": "library", "environment": "development"}
{"timestamp": "2025-05-10T15:41:14.259184+05:30", "level": "INFO", "message": "SELECT 1", "name": "logging", "function": "callHandlers", "line": 1736, "service": "library", "environment": "development"}
{"timestamp": "2025-05-10T15:41:14.259766+05:30", "level": "INFO", "message": "[generated in 0.00137s] ()", "name": "logging", "function": "callHandlers", "line": 1736, "service": "library", "environment": "development"}
{"timestamp": "2025-05-10T15:41:14.260952+05:30", "level": "INFO", "message": "Successfully connected to PostgreSQL", "name": "src.app.setup", "function": "lifespan", "line": 29, "service": "library", "environment": "development"}
{"timestamp": "2025-05-10T15:41:14.261441+05:30", "level": "INFO", "message": "ROLLBACK", "name": "logging", "function": "callHandlers", "line": 1736, "service": "library", "environment": "development"}
{"timestamp": "2025-05-10T15:41:16.302657+05:30", "level": "INFO", "message": "Successfully connected to Redis", "name": "src.app.setup", "function": "lifespan", "line": 43, "service": "library", "environment": "development"}
{"timestamp": "2025-05-10T15:41:16.303922+05:30", "level": "INFO", "message": "Redis cache initialized", "name": "src.app.setup", "function": "lifespan", "line": 48, "service": "library", "environment": "development"}
{"timestamp": "2025-05-10T15:41:16.304679+05:30", "level": "INFO", "message": "Application startup complete.", "name": "logging", "function": "callHandlers", "line": 1736, "service": "library", "environment": "development"}
{"timestamp": "2025-05-10T15:41:16.308042+05:30", "level": "ERROR", "message": "Traceback (most recent call last):\n  File \"C:\\Python313\\Lib\\asyncio\\runners.py\", line 118, in run\n    return self._loop.run_until_complete(task)\n           ~~~~~~~~~~~~~~~~~~~~~~~~~~~~~^^^^^^\n  File \"C:\\Python313\\Lib\\asyncio\\base_events.py\", line 720, in run_until_complete\n    return future.result()\n           ~~~~~~~~~~~~~^^\nasyncio.exceptions.CancelledError\n\nDuring handling of the above exception, another exception occurred:\n\nTraceback (most recent call last):\n  File \"C:\\Python313\\Lib\\asyncio\\runners.py\", line 194, in run\n    return runner.run(main)\n           ~~~~~~~~~~^^^^^^\n  File \"C:\\Python313\\Lib\\asyncio\\runners.py\", line 123, in run\n    raise KeyboardInterrupt()\nKeyboardInterrupt\n\nDuring handling of the above exception, another exception occurred:\n\nTraceback (most recent call last):\n  File \"C:\\Users\\sudee\\OneDrive\\Desktop\\Dev\\HorizonXFastAPI\\.venv\\Lib\\site-packages\\starlette\\routing.py\", line 699, in lifespan\n    await receive()\n  File \"C:\\Users\\sudee\\OneDrive\\Desktop\\Dev\\HorizonXFastAPI\\.venv\\Lib\\site-packages\\uvicorn\\lifespan\\on.py\", line 137, in receive\n    return await self.receive_queue.get()\n           ^^^^^^^^^^^^^^^^^^^^^^^^^^^^^^\n  File \"C:\\Python313\\Lib\\asyncio\\queues.py\", line 186, in get\n    await getter\nasyncio.exceptions.CancelledError\n", "name": "logging", "function": "callHandlers", "line": 1736, "service": "library", "environment": "development"}
{"timestamp": "2025-05-10T15:41:17.926374+05:30", "level": "INFO", "message": "Logging is configured.", "name": "src.core.log.config", "function": "setup_logging", "line": 109, "service": "library", "environment": "development"}
{"timestamp": "2025-05-10T15:41:18.001297+05:30", "level": "INFO", "message": "select pg_catalog.version()", "name": "logging", "function": "callHandlers", "line": 1736, "service": "library", "environment": "development"}
{"timestamp": "2025-05-10T15:41:18.002099+05:30", "level": "INFO", "message": "[raw sql] ()", "name": "logging", "function": "callHandlers", "line": 1736, "service": "library", "environment": "development"}
{"timestamp": "2025-05-10T15:41:18.004352+05:30", "level": "INFO", "message": "select current_schema()", "name": "logging", "function": "callHandlers", "line": 1736, "service": "library", "environment": "development"}
{"timestamp": "2025-05-10T15:41:18.004993+05:30", "level": "INFO", "message": "[raw sql] ()", "name": "logging", "function": "callHandlers", "line": 1736, "service": "library", "environment": "development"}
{"timestamp": "2025-05-10T15:41:18.006750+05:30", "level": "INFO", "message": "show standard_conforming_strings", "name": "logging", "function": "callHandlers", "line": 1736, "service": "library", "environment": "development"}
{"timestamp": "2025-05-10T15:41:18.007312+05:30", "level": "INFO", "message": "[raw sql] ()", "name": "logging", "function": "callHandlers", "line": 1736, "service": "library", "environment": "development"}
{"timestamp": "2025-05-10T15:41:18.008905+05:30", "level": "INFO", "message": "BEGIN (implicit)", "name": "logging", "function": "callHandlers", "line": 1736, "service": "library", "environment": "development"}
{"timestamp": "2025-05-10T15:41:18.009449+05:30", "level": "INFO", "message": "SELECT 1", "name": "logging", "function": "callHandlers", "line": 1736, "service": "library", "environment": "development"}
{"timestamp": "2025-05-10T15:41:18.009956+05:30", "level": "INFO", "message": "[generated in 0.00105s] ()", "name": "logging", "function": "callHandlers", "line": 1736, "service": "library", "environment": "development"}
{"timestamp": "2025-05-10T15:41:18.011129+05:30", "level": "INFO", "message": "Successfully connected to PostgreSQL", "name": "src.app.setup", "function": "lifespan", "line": 29, "service": "library", "environment": "development"}
{"timestamp": "2025-05-10T15:41:18.011752+05:30", "level": "INFO", "message": "ROLLBACK", "name": "logging", "function": "callHandlers", "line": 1736, "service": "library", "environment": "development"}
{"timestamp": "2025-05-10T15:41:20.062659+05:30", "level": "INFO", "message": "Successfully connected to Redis", "name": "src.app.setup", "function": "lifespan", "line": 43, "service": "library", "environment": "development"}
{"timestamp": "2025-05-10T15:41:20.063653+05:30", "level": "INFO", "message": "Redis cache initialized", "name": "src.app.setup", "function": "lifespan", "line": 48, "service": "library", "environment": "development"}
{"timestamp": "2025-05-10T15:41:20.064375+05:30", "level": "INFO", "message": "Application startup complete.", "name": "logging", "function": "callHandlers", "line": 1736, "service": "library", "environment": "development"}
{"timestamp": "2025-05-10T16:09:16.729700+05:30", "level": "INFO", "message": "Logging is configured.", "name": "src.core.log.config", "function": "setup_logging", "line": 109, "service": "library", "environment": "development"}
{"timestamp": "2025-05-10T16:09:16.911001+05:30", "level": "INFO", "message": "select pg_catalog.version()", "name": "logging", "function": "callHandlers", "line": 1736, "service": "library", "environment": "development"}
{"timestamp": "2025-05-10T16:09:16.912383+05:30", "level": "INFO", "message": "[raw sql] ()", "name": "logging", "function": "callHandlers", "line": 1736, "service": "library", "environment": "development"}
{"timestamp": "2025-05-10T16:09:16.916480+05:30", "level": "INFO", "message": "select current_schema()", "name": "logging", "function": "callHandlers", "line": 1736, "service": "library", "environment": "development"}
{"timestamp": "2025-05-10T16:09:16.917764+05:30", "level": "INFO", "message": "[raw sql] ()", "name": "logging", "function": "callHandlers", "line": 1736, "service": "library", "environment": "development"}
{"timestamp": "2025-05-10T16:09:16.921153+05:30", "level": "INFO", "message": "show standard_conforming_strings", "name": "logging", "function": "callHandlers", "line": 1736, "service": "library", "environment": "development"}
{"timestamp": "2025-05-10T16:09:16.922401+05:30", "level": "INFO", "message": "[raw sql] ()", "name": "logging", "function": "callHandlers", "line": 1736, "service": "library", "environment": "development"}
{"timestamp": "2025-05-10T16:09:16.925738+05:30", "level": "INFO", "message": "BEGIN (implicit)", "name": "logging", "function": "callHandlers", "line": 1736, "service": "library", "environment": "development"}
{"timestamp": "2025-05-10T16:09:16.926937+05:30", "level": "INFO", "message": "SELECT 1", "name": "logging", "function": "callHandlers", "line": 1736, "service": "library", "environment": "development"}
{"timestamp": "2025-05-10T16:09:16.928109+05:30", "level": "INFO", "message": "[generated in 0.00243s] ()", "name": "logging", "function": "callHandlers", "line": 1736, "service": "library", "environment": "development"}
{"timestamp": "2025-05-10T16:09:16.930373+05:30", "level": "INFO", "message": "Successfully connected to PostgreSQL", "name": "src.app.setup", "function": "lifespan", "line": 29, "service": "library", "environment": "development"}
{"timestamp": "2025-05-10T16:09:16.931551+05:30", "level": "INFO", "message": "ROLLBACK", "name": "logging", "function": "callHandlers", "line": 1736, "service": "library", "environment": "development"}
{"timestamp": "2025-05-10T16:09:18.994780+05:30", "level": "INFO", "message": "Successfully connected to Redis", "name": "src.app.setup", "function": "lifespan", "line": 43, "service": "library", "environment": "development"}
{"timestamp": "2025-05-10T16:09:18.996722+05:30", "level": "INFO", "message": "Redis cache initialized", "name": "src.app.setup", "function": "lifespan", "line": 48, "service": "library", "environment": "development"}
{"timestamp": "2025-05-10T16:09:18.997890+05:30", "level": "INFO", "message": "Application startup complete.", "name": "logging", "function": "callHandlers", "line": 1736, "service": "library", "environment": "development"}
{"timestamp": "2025-05-10T16:41:01.092107+05:30", "level": "INFO", "message": "Shutting down", "name": "logging", "function": "callHandlers", "line": 1736, "service": "library", "environment": "development"}
{"timestamp": "2025-05-10T16:41:01.213333+05:30", "level": "INFO", "message": "Waiting for application shutdown.", "name": "logging", "function": "callHandlers", "line": 1736, "service": "library", "environment": "development"}
{"timestamp": "2025-05-10T16:41:01.217725+05:30", "level": "INFO", "message": "Redis connection closed", "name": "src.app.setup", "function": "lifespan", "line": 60, "service": "library", "environment": "development"}
{"timestamp": "2025-05-10T16:41:01.231593+05:30", "level": "INFO", "message": "PostgreSQL connection pool closed", "name": "src.app.setup", "function": "lifespan", "line": 64, "service": "library", "environment": "development"}
{"timestamp": "2025-05-10T16:41:01.232831+05:30", "level": "INFO", "message": "Application shutdown complete.", "name": "logging", "function": "callHandlers", "line": 1736, "service": "library", "environment": "development"}
{"timestamp": "2025-05-10T16:41:01.233738+05:30", "level": "INFO", "message": "Finished server process [2140]", "name": "logging", "function": "callHandlers", "line": 1736, "service": "library", "environment": "development"}
{"timestamp": "2025-05-10T16:41:02.782099+05:30", "level": "INFO", "message": "Logging is configured.", "name": "src.core.log.config", "function": "setup_logging", "line": 109, "service": "library", "environment": "development"}
{"timestamp": "2025-05-10T16:41:02.853602+05:30", "level": "INFO", "message": "select pg_catalog.version()", "name": "logging", "function": "callHandlers", "line": 1736, "service": "library", "environment": "development"}
{"timestamp": "2025-05-10T16:41:02.854285+05:30", "level": "INFO", "message": "[raw sql] ()", "name": "logging", "function": "callHandlers", "line": 1736, "service": "library", "environment": "development"}
{"timestamp": "2025-05-10T16:41:02.856538+05:30", "level": "INFO", "message": "select current_schema()", "name": "logging", "function": "callHandlers", "line": 1736, "service": "library", "environment": "development"}
{"timestamp": "2025-05-10T16:41:02.857099+05:30", "level": "INFO", "message": "[raw sql] ()", "name": "logging", "function": "callHandlers", "line": 1736, "service": "library", "environment": "development"}
{"timestamp": "2025-05-10T16:41:02.859084+05:30", "level": "INFO", "message": "show standard_conforming_strings", "name": "logging", "function": "callHandlers", "line": 1736, "service": "library", "environment": "development"}
{"timestamp": "2025-05-10T16:41:02.859781+05:30", "level": "INFO", "message": "[raw sql] ()", "name": "logging", "function": "callHandlers", "line": 1736, "service": "library", "environment": "development"}
{"timestamp": "2025-05-10T16:41:02.861491+05:30", "level": "INFO", "message": "BEGIN (implicit)", "name": "logging", "function": "callHandlers", "line": 1736, "service": "library", "environment": "development"}
{"timestamp": "2025-05-10T16:41:02.862037+05:30", "level": "INFO", "message": "SELECT 1", "name": "logging", "function": "callHandlers", "line": 1736, "service": "library", "environment": "development"}
{"timestamp": "2025-05-10T16:41:02.862439+05:30", "level": "INFO", "message": "[generated in 0.00097s] ()", "name": "logging", "function": "callHandlers", "line": 1736, "service": "library", "environment": "development"}
{"timestamp": "2025-05-10T16:41:02.863397+05:30", "level": "INFO", "message": "Successfully connected to PostgreSQL", "name": "src.app.setup", "function": "lifespan", "line": 29, "service": "library", "environment": "development"}
{"timestamp": "2025-05-10T16:41:02.863960+05:30", "level": "INFO", "message": "ROLLBACK", "name": "logging", "function": "callHandlers", "line": 1736, "service": "library", "environment": "development"}
{"timestamp": "2025-05-10T16:41:04.909958+05:30", "level": "INFO", "message": "Successfully connected to Redis", "name": "src.app.setup", "function": "lifespan", "line": 43, "service": "library", "environment": "development"}
{"timestamp": "2025-05-10T16:41:04.911252+05:30", "level": "INFO", "message": "Redis cache initialized", "name": "src.app.setup", "function": "lifespan", "line": 48, "service": "library", "environment": "development"}
{"timestamp": "2025-05-10T16:41:04.912148+05:30", "level": "INFO", "message": "Application startup complete.", "name": "logging", "function": "callHandlers", "line": 1736, "service": "library", "environment": "development"}
{"timestamp": "2025-05-10T16:41:04.915335+05:30", "level": "ERROR", "message": "Traceback (most recent call last):\n  File \"C:\\Python313\\Lib\\asyncio\\runners.py\", line 118, in run\n    return self._loop.run_until_complete(task)\n           ~~~~~~~~~~~~~~~~~~~~~~~~~~~~~^^^^^^\n  File \"C:\\Python313\\Lib\\asyncio\\base_events.py\", line 720, in run_until_complete\n    return future.result()\n           ~~~~~~~~~~~~~^^\nasyncio.exceptions.CancelledError\n\nDuring handling of the above exception, another exception occurred:\n\nTraceback (most recent call last):\n  File \"C:\\Python313\\Lib\\asyncio\\runners.py\", line 194, in run\n    return runner.run(main)\n           ~~~~~~~~~~^^^^^^\n  File \"C:\\Python313\\Lib\\asyncio\\runners.py\", line 123, in run\n    raise KeyboardInterrupt()\nKeyboardInterrupt\n\nDuring handling of the above exception, another exception occurred:\n\nTraceback (most recent call last):\n  File \"C:\\Users\\sudee\\OneDrive\\Desktop\\Dev\\HorizonXFastAPI\\.venv\\Lib\\site-packages\\starlette\\routing.py\", line 699, in lifespan\n    await receive()\n  File \"C:\\Users\\sudee\\OneDrive\\Desktop\\Dev\\HorizonXFastAPI\\.venv\\Lib\\site-packages\\uvicorn\\lifespan\\on.py\", line 137, in receive\n    return await self.receive_queue.get()\n           ^^^^^^^^^^^^^^^^^^^^^^^^^^^^^^\n  File \"C:\\Python313\\Lib\\asyncio\\queues.py\", line 186, in get\n    await getter\nasyncio.exceptions.CancelledError\n", "name": "logging", "function": "callHandlers", "line": 1736, "service": "library", "environment": "development"}
{"timestamp": "2025-05-10T16:41:06.454976+05:30", "level": "INFO", "message": "Logging is configured.", "name": "src.core.log.config", "function": "setup_logging", "line": 109, "service": "library", "environment": "development"}
{"timestamp": "2025-05-10T16:41:06.529042+05:30", "level": "INFO", "message": "select pg_catalog.version()", "name": "logging", "function": "callHandlers", "line": 1736, "service": "library", "environment": "development"}
{"timestamp": "2025-05-10T16:41:06.532005+05:30", "level": "INFO", "message": "[raw sql] ()", "name": "logging", "function": "callHandlers", "line": 1736, "service": "library", "environment": "development"}
{"timestamp": "2025-05-10T16:41:06.534211+05:30", "level": "INFO", "message": "select current_schema()", "name": "logging", "function": "callHandlers", "line": 1736, "service": "library", "environment": "development"}
{"timestamp": "2025-05-10T16:41:06.534962+05:30", "level": "INFO", "message": "[raw sql] ()", "name": "logging", "function": "callHandlers", "line": 1736, "service": "library", "environment": "development"}
{"timestamp": "2025-05-10T16:41:06.536723+05:30", "level": "INFO", "message": "show standard_conforming_strings", "name": "logging", "function": "callHandlers", "line": 1736, "service": "library", "environment": "development"}
{"timestamp": "2025-05-10T16:41:06.537379+05:30", "level": "INFO", "message": "[raw sql] ()", "name": "logging", "function": "callHandlers", "line": 1736, "service": "library", "environment": "development"}
{"timestamp": "2025-05-10T16:41:06.539226+05:30", "level": "INFO", "message": "BEGIN (implicit)", "name": "logging", "function": "callHandlers", "line": 1736, "service": "library", "environment": "development"}
{"timestamp": "2025-05-10T16:41:06.539850+05:30", "level": "INFO", "message": "SELECT 1", "name": "logging", "function": "callHandlers", "line": 1736, "service": "library", "environment": "development"}
{"timestamp": "2025-05-10T16:41:06.540357+05:30", "level": "INFO", "message": "[generated in 0.00115s] ()", "name": "logging", "function": "callHandlers", "line": 1736, "service": "library", "environment": "development"}
{"timestamp": "2025-05-10T16:41:06.541858+05:30", "level": "INFO", "message": "Successfully connected to PostgreSQL", "name": "src.app.setup", "function": "lifespan", "line": 29, "service": "library", "environment": "development"}
{"timestamp": "2025-05-10T16:41:06.542863+05:30", "level": "INFO", "message": "ROLLBACK", "name": "logging", "function": "callHandlers", "line": 1736, "service": "library", "environment": "development"}
{"timestamp": "2025-05-10T16:41:08.579102+05:30", "level": "INFO", "message": "Successfully connected to Redis", "name": "src.app.setup", "function": "lifespan", "line": 43, "service": "library", "environment": "development"}
{"timestamp": "2025-05-10T16:41:08.580255+05:30", "level": "INFO", "message": "Redis cache initialized", "name": "src.app.setup", "function": "lifespan", "line": 48, "service": "library", "environment": "development"}
{"timestamp": "2025-05-10T16:41:08.581171+05:30", "level": "INFO", "message": "Application startup complete.", "name": "logging", "function": "callHandlers", "line": 1736, "service": "library", "environment": "development"}
